SnVuIDE5IDA1OjA2OjAyIG10dTgtMTUwMjYga2VybmVsOiBbICAgIDAuMDAwMDAw
XSBMaW51eCB2ZXJzaW9uIDMuMC4wIChidWlsZDEyMDZAZGV2MikgKGdjYyB2ZXJz
aW9uIDQuMy4zIChHQ0MpICkgIzEgTW9uIEFwciAzIDE2OjI1OjQyIEVEVCAyMDE3
Ckp1biAxOSAwNTowNjowMiBtdHU4LTE1MDI2IGtlcm5lbDogWyAgICAwLjAwMDAw
MF0gQ1BVOiBBUk12NyBQcm9jZXNzb3IgWzQxMWZjMDg3XSByZXZpc2lvbiA3IChB
Uk12NyksIGNyPTEwYzUzYzdmCkp1biAxOSAwNTowNjowMiBtdHU4LTE1MDI2IGtl
cm5lbDogWyAgICAwLjAwMDAwMF0gQ1BVOiBWSVBUIG5vbmFsaWFzaW5nIGRhdGEg
Y2FjaGUsIFZJUFQgbm9uYWxpYXNpbmcgaW5zdHJ1Y3Rpb24gY2FjaGUKSnVuIDE5
IDA1OjA2OjAyIG10dTgtMTUwMjYga2VybmVsOiBbICAgIDAuMDAwMDAwXSBNYWNo
aW5lOiBHdW1zdGl4IE92ZXJvCkp1biAxOSAwNTowNjowMiBtdHU4LTE1MDI2IGtl
cm5lbDogWyAgICAwLjAwMDAwMF0gTWVtb3J5IHBvbGljeTogRUNDIGRpc2FibGVk
LCBEYXRhIGNhY2hlIHdyaXRlYmFjawpKdW4gMTkgMDU6MDY6MDIgbXR1OC0xNTAy
NiBrZXJuZWw6IFsgICAgMC4wMDAwMDBdIE9NQVAzNDMwLzM1MzAgRVMzLjEuMiAo
bDJjYWNoZSBpdmEgc2d4IG5lb24gaXNwIDcyMG1oeiApCkp1biAxOSAwNTowNjow
MiBtdHU4LTE1MDI2IGtlcm5lbDogWyAgICAwLjAwMDAwMF0gU1JBTTogTWFwcGVk
IHBhIDB4NDAyMDAwMDAgdG8gdmEgMHhmZTQwMDAwMCBzaXplOiAweDEwMDAwCkp1
biAxOSAwNTowNjowMiBtdHU4LTE1MDI2IGtlcm5lbDogWyAgICAwLjAwMDAwMF0g
Q2xvY2tpbmcgcmF0ZSAoQ3J5c3RhbC9Db3JlL01QVSk6IDI2LjAvMzMyLzYwMCBN
SHoKSnVuIDE5IDA1OjA2OjAyIG10dTgtMTUwMjYga2VybmVsOiBbICAgIDAuMDAw
MDAwXSBSZXByb2dyYW1taW5nIFNEUkMgY2xvY2sgdG8gMzMyMDAwMDAwIEh6Ckp1
biAxOSAwNTowNjowMiBtdHU4LTE1MDI2IGtlcm5lbDogWyAgICAwLjAwMDAwMF0g
QnVpbHQgMSB6b25lbGlzdHMgaW4gWm9uZSBvcmRlciwgbW9iaWxpdHkgZ3JvdXBp
bmcgb24uICBUb3RhbCBwYWdlczogMTMwMDQ4Ckp1biAxOSAwNTowNjowMiBtdHU4
LTE1MDI2IGtlcm5lbDogWyAgICAwLjAwMDAwMF0gS2VybmVsIGNvbW1hbmQgbGlu
ZTogY29uc29sZT0vZGV2L251bGwgc21zYzk1eHgudHVyYm9fbW9kZT1OIG1wdXJh
dGU9YXV0byByb290PXViaTA6cm9vdGZzIHViaS5tdGQ9NCByb290ZnN0eXBlPXVi
aWZzIHF1aWV0Ckp1biAxOSAwNTowNjowMiBtdHU4LTE1MDI2IGtlcm5lbDogWyAg
ICAwLjAwMDAwMF0gUElEIGhhc2ggdGFibGUgZW50cmllczogMjA0OCAob3JkZXI6
IDEsIDgxOTIgYnl0ZXMpCkp1biAxOSAwNTowNjowMiBtdHU4LTE1MDI2IGtlcm5l
bDogWyAgICAwLjAwMDAwMF0gRGVudHJ5IGNhY2hlIGhhc2ggdGFibGUgZW50cmll
czogNjU1MzYgKG9yZGVyOiA2LCAyNjIxNDQgYnl0ZXMpCkp1biAxOSAwNTowNjow
MiBtdHU4LTE1MDI2IGtlcm5lbDogWyAgICAwLjAwMDAwMF0gSW5vZGUtY2FjaGUg
aGFzaCB0YWJsZSBlbnRyaWVzOiAzMjc2OCAob3JkZXI6IDUsIDEzMTA3MiBieXRl
cykKSnVuIDE5IDA1OjA2OjAyIG10dTgtMTUwMjYga2VybmVsOiBbICAgIDAuMDAw
MDAwXSBNZW1vcnk6IDUxMk1CID0gNTEyTUIgdG90YWwKSnVuIDE5IDA1OjA2OjAy
IG10dTgtMTUwMjYga2VybmVsOiBbICAgIDAuMDAwMDAwXSBNZW1vcnk6IDUxNDQ0
MGsvNTE0NDQwayBhdmFpbGFibGUsIDk4NDhrIHJlc2VydmVkLCAwSyBoaWdobWVt
Ckp1biAxOSAwNTowNjowMiBtdHU4LTE1MDI2IGtlcm5lbDogWyAgICAwLjAwMDAw
MF0gVmlydHVhbCBrZXJuZWwgbWVtb3J5IGxheW91dDoKSnVuIDE5IDA1OjA2OjAy
IG10dTgtMTUwMjYga2VybmVsOiBbICAgIDAuMDAwMDAwXSAgICAgdmVjdG9yICA6
IDB4ZmZmZjAwMDAgLSAweGZmZmYxMDAwICAgKCAgIDQga0IpCkp1biAxOSAwNTow
NjowMiBtdHU4LTE1MDI2IGtlcm5lbDogWyAgICAwLjAwMDAwMF0gICAgIGZpeG1h
cCAgOiAweGZmZjAwMDAwIC0gMHhmZmZlMDAwMCAgICggODk2IGtCKQpKdW4gMTkg
MDU6MDY6MDIgbXR1OC0xNTAyNiBrZXJuZWw6IFsgICAgMC4wMDAwMDBdICAgICBE
TUEgICAgIDogMHhmZmMwMDAwMCAtIDB4ZmZlMDAwMDAgICAoICAgMiBNQikKSnVu
IDE5IDA1OjA2OjAyIG10dTgtMTUwMjYga2VybmVsOiBbICAgIDAuMDAwMDAwXSAg
ICAgdm1hbGxvYyA6IDB4ZTA4MDAwMDAgLSAweGY4MDAwMDAwICAgKCAzNzYgTUIp
Ckp1biAxOSAwNTowNjowMiBtdHU4LTE1MDI2IGtlcm5lbDogWyAgICAwLjAwMDAw
MF0gICAgIGxvd21lbSAgOiAweGMwMDAwMDAwIC0gMHhlMDAwMDAwMCAgICggNTEy
IE1CKQpKdW4gMTkgMDU6MDY6MDIgbXR1OC0xNTAyNiBrZXJuZWw6IFsgICAgMC4w
MDAwMDBdICAgICBtb2R1bGVzIDogMHhiZjAwMDAwMCAtIDB4YzAwMDAwMDAgICAo
ICAxNiBNQikKSnVuIDE5IDA1OjA2OjAyIG10dTgtMTUwMjYga2VybmVsOiBbICAg
IDAuMDAwMDAwXSAgICAgICAuaW5pdCA6IDB4YzAwMDgwMDAgLSAweGMwMDM1MDAw
ICAgKCAxODAga0IpCkp1biAxOSAwNTowNjowMiBtdHU4LTE1MDI2IGtlcm5lbDog
WyAgICAwLjAwMDAwMF0gICAgICAgLnRleHQgOiAweGMwMDM1MDAwIC0gMHhjMDRh
NTAwMCAgICg0NTQ0IGtCKQpKdW4gMTkgMDU6MDY6MDIgbXR1OC0xNTAyNiBrZXJu
ZWw6IFsgICAgMC4wMDAwMDBdICAgICAgIC5kYXRhIDogMHhjMDRhNjAwMCAtIDB4
YzA0ZGMzNDAgICAoIDIxNyBrQikKSnVuIDE5IDA1OjA2OjAyIG10dTgtMTUwMjYg
a2VybmVsOiBbICAgIDAuMDAwMDAwXSAgICAgICAgLmJzcyA6IDB4YzA0ZGMzNjQg
LSAweGMwNTJmNTQ2ICAgKCAzMzMga0IpCkp1biAxOSAwNTowNjowMiBtdHU4LTE1
MDI2IGtlcm5lbDogWyAgICAwLjAwMDAwMF0gTlJfSVJRUzo0MTAKSnVuIDE5IDA1
OjA2OjAyIG10dTgtMTUwMjYga2VybmVsOiBbICAgIDAuMDAwMDAwXSBJUlE6IEZv
dW5kIGFuIElOVEMgYXQgMHhmYTIwMDAwMCAocmV2aXNpb24gNC4wKSB3aXRoIDk2
IGludGVycnVwdHMKSnVuIDE5IDA1OjA2OjAyIG10dTgtMTUwMjYga2VybmVsOiBb
ICAgIDAuMDAwMDAwXSBUb3RhbCBvZiA5NiBpbnRlcnJ1cHRzIG9uIDEgYWN0aXZl
IGNvbnRyb2xsZXIKSnVuIDE5IDA1OjA2OjAyIG10dTgtMTUwMjYga2VybmVsOiBb
ICAgIDAuMDAwMDAwXSBPTUFQIGNsb2NrZXZlbnQgc291cmNlOiBHUFRJTUVSMSBh
dCAzMjc2OCBIegpKdW4gMTkgMDU6MDY6MDIgbXR1OC0xNTAyNiBrZXJuZWw6IFsg
ICAgMC4wMDAwMDBdIHNjaGVkX2Nsb2NrOiAzMiBiaXRzIGF0IDMya0h6LCByZXNv
bHV0aW9uIDMwNTE3bnMsIHdyYXBzIGV2ZXJ5IDEzMTA3MTk5OW1zCkp1biAxOSAw
NTowNjowMiBtdHU4LTE1MDI2IGtlcm5lbDogWyAgICAwLjAwMDEyMl0gQ2FsaWJy
YXRpbmcgZGVsYXkgbG9vcC4uLiA1OTcuNjQgQm9nb01JUFMgKGxwaj0yMzM0NzIw
KQpKdW4gMTkgMDU6MDY6MDIgbXR1OC0xNTAyNiBrZXJuZWw6IFsgICAgMC4wMzkw
OTNdIHBpZF9tYXg6IGRlZmF1bHQ6IDMyNzY4IG1pbmltdW06IDMwMQpKdW4gMTkg
MDU6MDY6MDIgbXR1OC0xNTAyNiBrZXJuZWw6IFsgICAgMC4wMzkzMDZdIE1vdW50
LWNhY2hlIGhhc2ggdGFibGUgZW50cmllczogNTEyCkp1biAxOSAwNTowNjowMiBt
dHU4LTE1MDI2IGtlcm5lbDogWyAgICAwLjAzOTcwM10gQ1BVOiBUZXN0aW5nIHdy
aXRlIGJ1ZmZlciBjb2hlcmVuY3k6IG9rCkp1biAxOSAwNTowNjowMiBtdHU4LTE1
MDI2IGtlcm5lbDogWyAgICAwLjA0MDQ2Nl0gZGV2dG1wZnM6IGluaXRpYWxpemVk
Ckp1biAxOSAwNTowNjowMiBtdHU4LTE1MDI2IGtlcm5lbDogWyAgICAwLjA0Mzcz
MV0gb21hcF9od21vZDogYW0zNXhfb3RnX2hzOiBjYW5ub3QgYmUgZW5hYmxlZCAo
MykKSnVuIDE5IDA1OjA2OjAyIG10dTgtMTUwMjYga2VybmVsOiBbICAgIDAuMDQ0
MTI4XSBwcmludF9jb25zdHJhaW50czogZHVtbXk6IApKdW4gMTkgMDU6MDY6MDIg
bXR1OC0xNTAyNiBrZXJuZWw6IFsgICAgMC4wNDQyODFdIE5FVDogUmVnaXN0ZXJl
ZCBwcm90b2NvbCBmYW1pbHkgMTYKSnVuIDE5IDA1OjA2OjAyIG10dTgtMTUwMjYg
a2VybmVsOiBbICAgIDAuMDQ0NDY0XSBHUE1DIHJldmlzaW9uIDUuMApKdW4gMTkg
MDU6MDY6MDIgbXR1OC0xNTAyNiBrZXJuZWw6IFsgICAgMC4wNDU3NzZdIE9NQVAg
R1BJTyBoYXJkd2FyZSB2ZXJzaW9uIDIuNQpKdW4gMTkgMDU6MDY6MDIgbXR1OC0x
NTAyNiBrZXJuZWw6IFsgICAgMC4wNDU5NTldIE9NQVAgR1BJTyBoYXJkd2FyZSB2
ZXJzaW9uIDIuNQpKdW4gMTkgMDU6MDY6MDIgbXR1OC0xNTAyNiBrZXJuZWw6IFsg
ICAgMC4wNDYxMTJdIE9NQVAgR1BJTyBoYXJkd2FyZSB2ZXJzaW9uIDIuNQpKdW4g
MTkgMDU6MDY6MDIgbXR1OC0xNTAyNiBrZXJuZWw6IFsgICAgMC4wNDYyOTVdIE9N
QVAgR1BJTyBoYXJkd2FyZSB2ZXJzaW9uIDIuNQpKdW4gMTkgMDU6MDY6MDIgbXR1
OC0xNTAyNiBrZXJuZWw6IFsgICAgMC4wNDY0NDddIE9NQVAgR1BJTyBoYXJkd2Fy
ZSB2ZXJzaW9uIDIuNQpKdW4gMTkgMDU6MDY6MDIgbXR1OC0xNTAyNiBrZXJuZWw6
IFsgICAgMC4wNDY2MzBdIE9NQVAgR1BJTyBoYXJkd2FyZSB2ZXJzaW9uIDIuNQpK
dW4gMTkgMDU6MDY6MDIgbXR1OC0xNTAyNiBrZXJuZWw6IFsgICAgMC4wNDcwODhd
IG9tYXBfbXV4X2luaXQ6IEFkZCBwYXJ0aXRpb246ICMxOiBjb3JlLCBmbGFnczog
MApKdW4gMTkgMDU6MDY6MDIgbXR1OC0xNTAyNiBrZXJuZWw6IFsgICAgMC4wNDkx
NjNdIEZvdW5kIE5BTkQgb24gQ1MwCkp1biAxOSAwNTowNjowMiBtdHU4LTE1MDI2
IGtlcm5lbDogWyAgICAwLjA0OTE5NF0gUmVnaXN0ZXJpbmcgTkFORCBvbiBDUzAK
SnVuIDE5IDA1OjA2OjAyIG10dTgtMTUwMjYga2VybmVsOiBbICAgIDAuMDUxMTE2
XSBwbGF0Zm9ybSBpdmEuMDogRW5hYmxlZCBPUFAgY29ycmVzcG9uZGluZyB0byA3
MjBNSHoKSnVuIDE5IDA1OjA2OjAyIG10dTgtMTUwMjYga2VybmVsOiBbICAgIDAu
MDU3NzA4XSBody1icmVha3BvaW50OiBkZWJ1ZyBhcmNoaXRlY3R1cmUgMHg0IHVu
c3VwcG9ydGVkLgpKdW4gMTkgMDU6MDY6MDIgbXR1OC0xNTAyNiBrZXJuZWw6IFsg
ICAgMC4wNTg5OTBdIG9tYXBfZGV2aWNlOiBvbWFwLW1jYnNwLjI6IGFsaWFzIGZj
ayBhbHJlYWR5IGV4aXN0cwpKdW4gMTkgMDU6MDY6MDIgbXR1OC0xNTAyNiBrZXJu
ZWw6IFsgICAgMC4wNTkxNzNdIG9tYXBfZGV2aWNlOiBvbWFwLW1jYnNwLjM6IGFs
aWFzIGZjayBhbHJlYWR5IGV4aXN0cwpKdW4gMTkgMDU6MDY6MDIgbXR1OC0xNTAy
NiBrZXJuZWw6IFsgICAgMC4wNTk5MDZdIE9NQVAgRE1BIGhhcmR3YXJlIHJldmlz
aW9uIDQuMApKdW4gMTkgMDU6MDY6MDIgbXR1OC0xNTAyNiBrZXJuZWw6IFsgICAg
MC4wNjQwNTZdIGJpbzogY3JlYXRlIHNsYWIgPGJpby0wPiBhdCAwCkp1biAxOSAw
NTowNjowMiBtdHU4LTE1MDI2IGtlcm5lbDogWyAgICAwLjA2NTA2M10gU0NTSSBz
dWJzeXN0ZW0gaW5pdGlhbGl6ZWQKSnVuIDE5IDA1OjA2OjAyIG10dTgtMTUwMjYg
a2VybmVsOiBbICAgIDAuMDY2Mzc1XSB1c2Jjb3JlOiByZWdpc3RlcmVkIG5ldyBp
bnRlcmZhY2UgZHJpdmVyIHVzYmZzCkp1biAxOSAwNTowNjowMiBtdHU4LTE1MDI2
IGtlcm5lbDogWyAgICAwLjA2NjUyOF0gdXNiY29yZTogcmVnaXN0ZXJlZCBuZXcg
aW50ZXJmYWNlIGRyaXZlciBodWIKSnVuIDE5IDA1OjA2OjAyIG10dTgtMTUwMjYg
a2VybmVsOiBbICAgIDAuMDY2NzExXSB1c2Jjb3JlOiByZWdpc3RlcmVkIG5ldyBk
ZXZpY2UgZHJpdmVyIHVzYgpKdW4gMTkgMDU6MDY6MDIgbXR1OC0xNTAyNiBrZXJu
ZWw6IFsgICAgMC4wNjcyMzBdIG9tYXBfaTJjIG9tYXBfaTJjLjE6IGJ1cyAxIHJl
djMuMTIgYXQgMjYwMCBrSHoKSnVuIDE5IDA1OjA2OjAyIG10dTgtMTUwMjYga2Vy
bmVsOiBbICAgIDAuMDY5ODI0XSB0d2w0MDMwOiBQSUggKGlycSA3KSBjaGFpbmlu
ZyBJUlFzIDM2OC4uMzc1Ckp1biAxOSAwNTowNjowMiBtdHU4LTE1MDI2IGtlcm5l
bDogWyAgICAwLjA2OTg1NF0gdHdsNDAzMDogcG93ZXIgKGlycSAzNzMpIGNoYWlu
aW5nIElSUXMgMzc2Li4zODMKSnVuIDE5IDA1OjA2OjAyIG10dTgtMTUwMjYga2Vy
bmVsOiBbICAgIDAuMDcwMjgxXSB0d2w0MDMwOiBncGlvIChpcnEgMzY4KSBjaGFp
bmluZyBJUlFzIDM4NC4uNDAxCkp1biAxOSAwNTowNjowMiBtdHU4LTE1MDI2IGtl
cm5lbDogWyAgICAwLjA3MzE1MF0gcHJpbnRfY29uc3RyYWludHM6IFZVU0IxVjU6
IDE1MDAgbVYgbm9ybWFsIHN0YW5kYnkKSnVuIDE5IDA1OjA2OjAyIG10dTgtMTUw
MjYga2VybmVsOiBbICAgIDAuMDczNTQ3XSBwcmludF9jb25zdHJhaW50czogVlVT
QjFWODogMTgwMCBtViBub3JtYWwgc3RhbmRieQpKdW4gMTkgMDU6MDY6MDIgbXR1
OC0xNTAyNiBrZXJuZWw6IFsgICAgMC4wNzM4ODNdIHByaW50X2NvbnN0cmFpbnRz
OiBWVVNCM1YxOiAzMTAwIG1WIG5vcm1hbCBzdGFuZGJ5Ckp1biAxOSAwNTowNjow
MiBtdHU4LTE1MDI2IGtlcm5lbDogWyAgICAwLjA3NzUxNF0gdHdsNDAzMF91c2Ig
dHdsNDAzMF91c2I6IEluaXRpYWxpemVkIFRXTDQwMzAgVVNCIG1vZHVsZQpKdW4g
MTkgMDU6MDY6MDIgbXR1OC0xNTAyNiBrZXJuZWw6IFsgICAgMC4wNzc5NDFdIHBy
aW50X2NvbnN0cmFpbnRzOiBWTU1DMTogMTg1MCA8LS0+IDMxNTAgbVYgYXQgMzAw
MCBtViBub3JtYWwgc3RhbmRieQpKdW4gMTkgMDU6MDY6MDIgbXR1OC0xNTAyNiBr
ZXJuZWw6IFsgICAgMC4wNzgzMzhdIHByaW50X2NvbnN0cmFpbnRzOiBWREFDOiAx
ODAwIG1WIG5vcm1hbCBzdGFuZGJ5Ckp1biAxOSAwNTowNjowMiBtdHU4LTE1MDI2
IGtlcm5lbDogWyAgICAwLjA3ODcwNF0gcHJpbnRfY29uc3RyYWludHM6IFZEVkk6
IDE4MDAgbVYgbm9ybWFsIHN0YW5kYnkKSnVuIDE5IDA1OjA2OjAyIG10dTgtMTUw
MjYga2VybmVsOiBbICAgIDAuMDc4OTc5XSBvbWFwX2kyYyBvbWFwX2kyYy4zOiBi
dXMgMyByZXYzLjEyIGF0IDQwMCBrSHoKSnVuIDE5IDA1OjA2OjAyIG10dTgtMTUw
MjYga2VybmVsOiBbICAgIDAuMDc5MzE1XSBwcHNfY29yZTogTGludXhQUFMgQVBJ
IHZlci4gMSByZWdpc3RlcmVkCkp1biAxOSAwNTowNjowMiBtdHU4LTE1MDI2IGtl
cm5lbDogWyAgICAwLjA3OTMxNV0gcHBzX2NvcmU6IFNvZnR3YXJlIHZlci4gNS4z
LjYgLSBDb3B5cmlnaHQgMjAwNS0yMDA3IFJvZG9sZm8gR2lvbWV0dGkgPGdpb21l
dHRpQGxpbnV4Lml0PgpKdW4gMTkgMDU6MDY6MDIgbXR1OC0xNTAyNiBrZXJuZWw6
IFsgICAgMC4wODA2MjddIGNmZzgwMjExOiBDYWxsaW5nIENSREEgdG8gdXBkYXRl
IHdvcmxkIHJlZ3VsYXRvcnkgZG9tYWluCkp1biAxOSAwNTowNjowMiBtdHU4LTE1
MDI2IGtlcm5lbDogWyAgICAwLjA4MDk5M10gU3dpdGNoaW5nIHRvIGNsb2Nrc291
cmNlIDMya19jb3VudGVyCkp1biAxOSAwNTowNjowMiBtdHU4LTE1MDI2IGtlcm5l
bDogWyAgICAwLjA4MzAwN10gbXVzYi1oZHJjOiB2ZXJzaW9uIDYuMCwgbXVzYi1k
bWEsIGhvc3QKSnVuIDE5IDA1OjA2OjAyIG10dTgtMTUwMjYga2VybmVsOiBbICAg
IDAuMDgzMjUxXSBtdXNiLWhkcmMgbXVzYi1oZHJjOiBNVVNCIEhEUkMgaG9zdCBk
cml2ZXIKSnVuIDE5IDA1OjA2OjAyIG10dTgtMTUwMjYga2VybmVsOiBbICAgIDAu
MDgzMzc0XSBtdXNiLWhkcmMgbXVzYi1oZHJjOiBuZXcgVVNCIGJ1cyByZWdpc3Rl
cmVkLCBhc3NpZ25lZCBidXMgbnVtYmVyIDEKSnVuIDE5IDA1OjA2OjAyIG10dTgt
MTUwMjYga2VybmVsOiBbICAgIDAuMDgzNDk2XSB1c2IgdXNiMTogTmV3IFVTQiBk
ZXZpY2UgZm91bmQsIGlkVmVuZG9yPTFkNmIsIGlkUHJvZHVjdD0wMDAyCkp1biAx
OSAwNTowNjowMiBtdHU4LTE1MDI2IGtlcm5lbDogWyAgICAwLjA4MzUyNl0gdXNi
IHVzYjE6IE5ldyBVU0IgZGV2aWNlIHN0cmluZ3M6IE1mcj0zLCBQcm9kdWN0PTIs
IFNlcmlhbE51bWJlcj0xCkp1biAxOSAwNTowNjowMiBtdHU4LTE1MDI2IGtlcm5l
bDogWyAgICAwLjA4MzU1N10gdXNiIHVzYjE6IFByb2R1Y3Q6IE1VU0IgSERSQyBo
b3N0IGRyaXZlcgpKdW4gMTkgMDU6MDY6MDIgbXR1OC0xNTAyNiBrZXJuZWw6IFsg
ICAgMC4wODM1NTddIHVzYiB1c2IxOiBNYW51ZmFjdHVyZXI6IExpbnV4IDMuMC4w
IG11c2ItaGNkCkp1biAxOSAwNTowNjowMiBtdHU4LTE1MDI2IGtlcm5lbDogWyAg
ICAwLjA4MzU4N10gdXNiIHVzYjE6IFNlcmlhbE51bWJlcjogbXVzYi1oZHJjCkp1
biAxOSAwNTowNjowMiBtdHU4LTE1MDI2IGtlcm5lbDogWyAgICAwLjA4NDIyOF0g
aHViIDEtMDoxLjA6IFVTQiBodWIgZm91bmQKSnVuIDE5IDA1OjA2OjAyIG10dTgt
MTUwMjYga2VybmVsOiBbICAgIDAuMDg0MjU5XSBodWIgMS0wOjEuMDogMSBwb3J0
IGRldGVjdGVkCkp1biAxOSAwNTowNjowMiBtdHU4LTE1MDI2IGtlcm5lbDogWyAg
ICAwLjA4NDY4Nl0gbXVzYi1oZHJjIG11c2ItaGRyYzogVVNCIEhvc3QgbW9kZSBj
b250cm9sbGVyIGF0IGZhMGFiMDAwIHVzaW5nIERNQSwgSVJRIDkyCkp1biAxOSAw
NTowNjowMiBtdHU4LTE1MDI2IGtlcm5lbDogWyAgICAwLjA4NDg5OV0gTkVUOiBS
ZWdpc3RlcmVkIHByb3RvY29sIGZhbWlseSAyCkp1biAxOSAwNTowNjowMiBtdHU4
LTE1MDI2IGtlcm5lbDogWyAgICAwLjA4NTA4M10gSVAgcm91dGUgY2FjaGUgaGFz
aCB0YWJsZSBlbnRyaWVzOiA0MDk2IChvcmRlcjogMiwgMTYzODQgYnl0ZXMpCkp1
biAxOSAwNTowNjowMiBtdHU4LTE1MDI2IGtlcm5lbDogWyAgICAwLjA4NTQ3OV0g
VENQIGVzdGFibGlzaGVkIGhhc2ggdGFibGUgZW50cmllczogMTYzODQgKG9yZGVy
OiA1LCAxMzEwNzIgYnl0ZXMpCkp1biAxOSAwNTowNjowMiBtdHU4LTE1MDI2IGtl
cm5lbDogWyAgICAwLjA4NTg3Nl0gVENQIGJpbmQgaGFzaCB0YWJsZSBlbnRyaWVz
OiAxNjM4NCAob3JkZXI6IDQsIDY1NTM2IGJ5dGVzKQpKdW4gMTkgMDU6MDY6MDIg
bXR1OC0xNTAyNiBrZXJuZWw6IFsgICAgMC4wODYxODFdIFN3aXRjaGVkIHRvIE5P
SHogbW9kZSBvbiBDUFUgIzAKSnVuIDE5IDA1OjA2OjAyIG10dTgtMTUwMjYga2Vy
bmVsOiBbICAgIDAuMDg2NDI1XSBUQ1A6IEhhc2ggdGFibGVzIGNvbmZpZ3VyZWQg
KGVzdGFibGlzaGVkIDE2Mzg0IGJpbmQgMTYzODQpCkp1biAxOSAwNTowNjowMiBt
dHU4LTE1MDI2IGtlcm5lbDogWyAgICAwLjA4NjQyNV0gVENQIHJlbm8gcmVnaXN0
ZXJlZApKdW4gMTkgMDU6MDY6MDIgbXR1OC0xNTAyNiBrZXJuZWw6IFsgICAgMC4w
ODY0NTZdIFVEUCBoYXNoIHRhYmxlIGVudHJpZXM6IDI1NiAob3JkZXI6IDAsIDQw
OTYgYnl0ZXMpCkp1biAxOSAwNTowNjowMiBtdHU4LTE1MDI2IGtlcm5lbDogWyAg
ICAwLjA4NjQ4Nl0gVURQLUxpdGUgaGFzaCB0YWJsZSBlbnRyaWVzOiAyNTYgKG9y
ZGVyOiAwLCA0MDk2IGJ5dGVzKQpKdW4gMTkgMDU6MDY6MDIgbXR1OC0xNTAyNiBr
ZXJuZWw6IFsgICAgMC4wODY5MTRdIE5FVDogUmVnaXN0ZXJlZCBwcm90b2NvbCBm
YW1pbHkgMQpKdW4gMTkgMDU6MDY6MDIgbXR1OC0xNTAyNiBrZXJuZWw6IFsgICAg
MC4wODcyODBdIHBsYXRmb3JtIGl2YS4wOiBFbmFibGVkIE9QUCBjb3JyZXNwb25k
aW5nIHRvIDcyME1IegpKdW4gMTkgMDU6MDY6MDIgbXR1OC0xNTAyNiBrZXJuZWw6
IFsgICAgMC4xMDQwMDNdIFZGUzogRGlzayBxdW90YXMgZHF1b3RfNi41LjIKSnVu
IDE5IDA1OjA2OjAyIG10dTgtMTUwMjYga2VybmVsOiBbICAgIDAuMTA0MDY0XSBE
cXVvdC1jYWNoZSBoYXNoIHRhYmxlIGVudHJpZXM6IDEwMjQgKG9yZGVyIDAsIDQw
OTYgYnl0ZXMpCkp1biAxOSAwNTowNjowMiBtdHU4LTE1MDI2IGtlcm5lbDogWyAg
ICAwLjEwNDM3MF0gZXhGQVQ6IFZlcnNpb24gMS4yLjkKSnVuIDE5IDA1OjA2OjAy
IG10dTgtMTUwMjYga2VybmVsOiBbICAgIDAuMTA0NDAwXSBmdXNlIGluaXQgKEFQ
SSB2ZXJzaW9uIDcuMTYpCkp1biAxOSAwNTowNjowMiBtdHU4LTE1MDI2IGtlcm5l
bDogWyAgICAwLjEwNDgyN10gbXNnbW5pIGhhcyBiZWVuIHNldCB0byAxMDA0Ckp1
biAxOSAwNTowNjowMiBtdHU4LTE1MDI2IGtlcm5lbDogWyAgICAwLjEwNjUzNl0g
QmxvY2sgbGF5ZXIgU0NTSSBnZW5lcmljIChic2cpIGRyaXZlciB2ZXJzaW9uIDAu
NCBsb2FkZWQgKG1ham9yIDI1MikKSnVuIDE5IDA1OjA2OjAyIG10dTgtMTUwMjYg
a2VybmVsOiBbICAgIDAuMTA2NTY3XSBpbyBzY2hlZHVsZXIgbm9vcCByZWdpc3Rl
cmVkCkp1biAxOSAwNTowNjowMiBtdHU4LTE1MDI2IGtlcm5lbDogWyAgICAwLjEw
NjU5N10gaW8gc2NoZWR1bGVyIGRlYWRsaW5lIHJlZ2lzdGVyZWQKSnVuIDE5IDA1
OjA2OjAyIG10dTgtMTUwMjYga2VybmVsOiBbICAgIDAuMTA2NjU4XSBpbyBzY2hl
ZHVsZXIgY2ZxIHJlZ2lzdGVyZWQgKGRlZmF1bHQpCkp1biAxOSAwNTowNjowMiBt
dHU4LTE1MDI2IGtlcm5lbDogWyAgICAwLjEwNjk5NF0gb21hcF91YXJ0LjA6IHR0
eU8wIGF0IE1NSU8gMHg0ODA2YTAwMCAoaXJxID0gNzIpIGlzIGEgT01BUCBVQVJU
MApKdW4gMTkgMDU6MDY6MDIgbXR1OC0xNTAyNiBrZXJuZWw6IFsgICAgMC4xMDcy
NjldIG9tYXBfdWFydC4xOiB0dHlPMSBhdCBNTUlPIDB4NDgwNmMwMDAgKGlycSA9
IDczKSBpcyBhIE9NQVAgVUFSVDEKSnVuIDE5IDA1OjA2OjAyIG10dTgtMTUwMjYg
a2VybmVsOiBbICAgIDAuMTA3NDgyXSBvbWFwX3VhcnQuMjogdHR5TzIgYXQgTU1J
TyAweDQ5MDIwMDAwIChpcnEgPSA3NCkgaXMgYSBPTUFQIFVBUlQyCkp1biAxOSAw
NTowNjowMiBtdHU4LTE1MDI2IGtlcm5lbDogWyAgICAwLjExNDE2Nl0gYnJkOiBt
b2R1bGUgbG9hZGVkCkp1biAxOSAwNTowNjowMiBtdHU4LTE1MDI2IGtlcm5lbDog
WyAgICAwLjExNzI0OF0gbG9vcDogbW9kdWxlIGxvYWRlZApKdW4gMTkgMDU6MDY6
MDIgbXR1OC0xNTAyNiBrZXJuZWw6IFsgICAgMC4xMTkxNzFdIG9tYXAyLW5hbmQg
ZHJpdmVyIGluaXRpYWxpemluZwpKdW4gMTkgMDU6MDY6MDIgbXR1OC0xNTAyNiBr
ZXJuZWw6IFsgICAgMC4xMTk1MDZdIE9ORkkgZmxhc2ggZGV0ZWN0ZWQKSnVuIDE5
IDA1OjA2OjAyIG10dTgtMTUwMjYga2VybmVsOiBbICAgIDAuMTE5NzgxXSBOQU5E
IGRldmljZTogTWFudWZhY3R1cmVyIElEOiAweDJjLCBDaGlwIElEOiAweGIzIChN
aWNyb24gTkFORCAxR2lCIDEsOFYgMTYtYml0KQpKdW4gMTkgMDU6MDY6MDIgbXR1
OC0xNTAyNiBrZXJuZWw6IFsgICAgMC4xMjAzMDBdIENyZWF0aW5nIDUgTVREIHBh
cnRpdGlvbnMgb24gIm9tYXAyLW5hbmQuMCI6Ckp1biAxOSAwNTowNjowMiBtdHU4
LTE1MDI2IGtlcm5lbDogWyAgICAwLjEyMDMzMF0gMHgwMDAwMDAwMDAwMDAtMHgw
MDAwMDAwODAwMDAgOiAieGxvYWRlciIKSnVuIDE5IDA1OjA2OjAyIG10dTgtMTUw
MjYga2VybmVsOiBbICAgIDAuMTIxNjQzXSAweDAwMDAwMDA4MDAwMC0weDAwMDAw
MDI0MDAwMCA6ICJ1Ym9vdCIKSnVuIDE5IDA1OjA2OjAyIG10dTgtMTUwMjYga2Vy
bmVsOiBbICAgIDAuMTIzMzUyXSAweDAwMDAwMDI0MDAwMC0weDAwMDAwMDI4MDAw
MCA6ICJ1Ym9vdCBlbnZpcm9ubWVudCIKSnVuIDE5IDA1OjA2OjAyIG10dTgtMTUw
MjYga2VybmVsOiBbICAgIDAuMTI0Mzg5XSAweDAwMDAwMDI4MDAwMC0weDAwMDAw
MDY4MDAwMCA6ICJsaW51eCIKSnVuIDE5IDA1OjA2OjAyIG10dTgtMTUwMjYga2Vy
bmVsOiBbICAgIDAuMTI3MDQ0XSAweDAwMDAwMDY4MDAwMC0weDAwMDA0MDAwMDAw
MCA6ICJyb290ZnMiCkp1biAxOSAwNTowNjowMiBtdHU4LTE1MDI2IGtlcm5lbDog
WyAgICAwLjU1MTcyN10gVUJJOiBhdHRhY2hpbmcgbXRkNCB0byB1YmkwCkp1biAx
OSAwNTowNjowMiBtdHU4LTE1MDI2IGtlcm5lbDogWyAgICAwLjU1MTc1N10gVUJJ
OiBwaHlzaWNhbCBlcmFzZWJsb2NrIHNpemU6ICAgMTMxMDcyIGJ5dGVzICgxMjgg
S2lCKQpKdW4gMTkgMDU6MDY6MDIgbXR1OC0xNTAyNiBrZXJuZWw6IFsgICAgMC41
NTE3NTddIFVCSTogbG9naWNhbCBlcmFzZWJsb2NrIHNpemU6ICAgIDEyOTAyNCBi
eXRlcwpKdW4gMTkgMDU6MDY6MDIgbXR1OC0xNTAyNiBrZXJuZWw6IFsgICAgMC41
NTE3ODhdIFVCSTogc21hbGxlc3QgZmxhc2ggSS9PIHVuaXQ6ICAgIDIwNDgKSnVu
IDE5IDA1OjA2OjAyIG10dTgtMTUwMjYga2VybmVsOiBbICAgIDAuNTUxNzg4XSBV
Qkk6IHN1Yi1wYWdlIHNpemU6ICAgICAgICAgICAgICA1MTIKSnVuIDE5IDA1OjA2
OjAyIG10dTgtMTUwMjYga2VybmVsOiBbICAgIDAuNTUxNzg4XSBVQkk6IFZJRCBo
ZWFkZXIgb2Zmc2V0OiAgICAgICAgICA1MTIgKGFsaWduZWQgNTEyKQpKdW4gMTkg
MDU6MDY6MDIgbXR1OC0xNTAyNiBrZXJuZWw6IFsgICAgMC41NTE4MThdIFVCSTog
ZGF0YSBvZmZzZXQ6ICAgICAgICAgICAgICAgIDIwNDgKSnVuIDE5IDA1OjA2OjAy
IG10dTgtMTUwMjYga2VybmVsOiBbICAgIDIuNTE0OTUzXSBVQkk6IG1heC4gc2Vx
dWVuY2UgbnVtYmVyOiAgICAgICA0NDIxCkp1biAxOSAwNTowNjowMiBtdHU4LTE1
MDI2IGtlcm5lbDogWyAgICAyLjUzNjQzN10gVUJJOiBhdHRhY2hlZCBtdGQ0IHRv
IHViaTAKSnVuIDE5IDA1OjA2OjAyIG10dTgtMTUwMjYga2VybmVsOiBbICAgIDIu
NTM2NDY4XSBVQkk6IE1URCBkZXZpY2UgbmFtZTogICAgICAgICAgICAicm9vdGZz
IgpKdW4gMTkgMDU6MDY6MDIgbXR1OC0xNTAyNiBrZXJuZWw6IFsgICAgMi41MzY0
NjhdIFVCSTogTVREIGRldmljZSBzaXplOiAgICAgICAgICAgIDEwMTcgTWlCCkp1
biAxOSAwNTowNjowMiBtdHU4LTE1MDI2IGtlcm5lbDogWyAgICAyLjUzNjQ5OV0g
VUJJOiBudW1iZXIgb2YgZ29vZCBQRUJzOiAgICAgICAgODE0MApKdW4gMTkgMDU6
MDY6MDIgbXR1OC0xNTAyNiBrZXJuZWw6IFsgICAgMi41MzY0OTldIFVCSTogbnVt
YmVyIG9mIGJhZCBQRUJzOiAgICAgICAgIDAKSnVuIDE5IDA1OjA2OjAyIG10dTgt
MTUwMjYga2VybmVsOiBbICAgIDIuNTM2NTI5XSBVQkk6IG51bWJlciBvZiBjb3Jy
dXB0ZWQgUEVCczogICAwCkp1biAxOSAwNTowNjowMiBtdHU4LTE1MDI2IGtlcm5l
bDogWyAgICAyLjUzNjUyOV0gVUJJOiBtYXguIGFsbG93ZWQgdm9sdW1lczogICAg
ICAgMTI4Ckp1biAxOSAwNTowNjowMiBtdHU4LTE1MDI2IGtlcm5lbDogWyAgICAy
LjUzNjU2MF0gVUJJOiB3ZWFyLWxldmVsaW5nIHRocmVzaG9sZDogICAgNDA5NgpK
dW4gMTkgMDU6MDY6MDIgbXR1OC0xNTAyNiBrZXJuZWw6IFsgICAgMi41MzY1NjBd
IFVCSTogbnVtYmVyIG9mIGludGVybmFsIHZvbHVtZXM6IDEKSnVuIDE5IDA1OjA2
OjAyIG10dTgtMTUwMjYga2VybmVsOiBbICAgIDIuNTM2NTYwXSBVQkk6IG51bWJl
ciBvZiB1c2VyIHZvbHVtZXM6ICAgICAxCkp1biAxOSAwNTowNjowMiBtdHU4LTE1
MDI2IGtlcm5lbDogWyAgICAyLjUzNjU5MF0gVUJJOiBhdmFpbGFibGUgUEVCczog
ICAgICAgICAgICAgMApKdW4gMTkgMDU6MDY6MDIgbXR1OC0xNTAyNiBrZXJuZWw6
IFsgICAgMi41MzY1OTBdIFVCSTogdG90YWwgbnVtYmVyIG9mIHJlc2VydmVkIFBF
QnM6IDgxNDAKSnVuIDE5IDA1OjA2OjAyIG10dTgtMTUwMjYga2VybmVsOiBbICAg
IDIuNTM2NjIxXSBVQkk6IG51bWJlciBvZiBQRUJzIHJlc2VydmVkIGZvciBiYWQg
UEVCIGhhbmRsaW5nOiA4MQpKdW4gMTkgMDU6MDY6MDIgbXR1OC0xNTAyNiBrZXJu
ZWw6IFsgICAgMi41MzY2MjFdIFVCSTogbWF4L21lYW4gZXJhc2UgY291bnRlcjog
MTgvMApKdW4gMTkgMDU6MDY6MDIgbXR1OC0xNTAyNiBrZXJuZWw6IFsgICAgMi41
MzY2NTFdIFVCSTogaW1hZ2Ugc2VxdWVuY2UgbnVtYmVyOiAgMTM2NTM4MjQ2Ckp1
biAxOSAwNTowNjowMiBtdHU4LTE1MDI2IGtlcm5lbDogWyAgICAyLjUzODIwOF0g
UFBQIGdlbmVyaWMgZHJpdmVyIHZlcnNpb24gMi40LjIKSnVuIDE5IDA1OjA2OjAy
IG10dTgtMTUwMjYga2VybmVsOiBbICAgIDIuNTM4NDIxXSBQUFAgRGVmbGF0ZSBD
b21wcmVzc2lvbiBtb2R1bGUgcmVnaXN0ZXJlZApKdW4gMTkgMDU6MDY6MDIgbXR1
OC0xNTAyNiBrZXJuZWw6IFsgICAgMi41Mzg0MjFdIFBQUCBCU0QgQ29tcHJlc3Np
b24gbW9kdWxlIHJlZ2lzdGVyZWQKSnVuIDE5IDA1OjA2OjAyIG10dTgtMTUwMjYg
a2VybmVsOiBbICAgIDIuNTM4NTc0XSBVQkk6IGJhY2tncm91bmQgdGhyZWFkICJ1
YmlfYmd0MGQiIHN0YXJ0ZWQsIFBJRCA0NgpKdW4gMTkgMDU6MDY6MDIgbXR1OC0x
NTAyNiBrZXJuZWw6IFsgICAgMi41MzkzMDZdIFBQUCBNUFBFIENvbXByZXNzaW9u
IG1vZHVsZSByZWdpc3RlcmVkCkp1biAxOSAwNTowNjowMiBtdHU4LTE1MDI2IGtl
cm5lbDogWyAgICAyLjUzOTMzN10gTkVUOiBSZWdpc3RlcmVkIHByb3RvY29sIGZh
bWlseSAyNApKdW4gMTkgMDU6MDY6MDIgbXR1OC0xNTAyNiBrZXJuZWw6IFsgICAg
Mi41MzkzOThdIHR1bjogVW5pdmVyc2FsIFRVTi9UQVAgZGV2aWNlIGRyaXZlciwg
MS42Ckp1biAxOSAwNTowNjowMiBtdHU4LTE1MDI2IGtlcm5lbDogWyAgICAyLjUz
OTM5OF0gdHVuOiAoQykgMTk5OS0yMDA0IE1heCBLcmFzbnlhbnNreSA8bWF4a0Bx
dWFsY29tbS5jb20+Ckp1biAxOSAwNTowNjowMiBtdHU4LTE1MDI2IGtlcm5lbDog
WyAgICAyLjUzOTc2NF0gdXNiY29yZTogcmVnaXN0ZXJlZCBuZXcgaW50ZXJmYWNl
IGRyaXZlciBhc2l4Ckp1biAxOSAwNTowNjowMiBtdHU4LTE1MDI2IGtlcm5lbDog
WyAgICAyLjUzOTgyNV0gdXNiY29yZTogcmVnaXN0ZXJlZCBuZXcgaW50ZXJmYWNl
IGRyaXZlciBjZGNfZXRoZXIKSnVuIDE5IDA1OjA2OjAyIG10dTgtMTUwMjYga2Vy
bmVsOiBbICAgIDIuNTM5OTE2XSB1c2Jjb3JlOiByZWdpc3RlcmVkIG5ldyBpbnRl
cmZhY2UgZHJpdmVyIGNkY19lZW0KSnVuIDE5IDA1OjA2OjAyIG10dTgtMTUwMjYg
a2VybmVsOiBbICAgIDIuNTQwMDA4XSB1c2Jjb3JlOiByZWdpc3RlcmVkIG5ldyBp
bnRlcmZhY2UgZHJpdmVyIHNtc2M3NXh4Ckp1biAxOSAwNTowNjowMiBtdHU4LTE1
MDI2IGtlcm5lbDogWyAgICAyLjU0MDEwMF0gdXNiY29yZTogcmVnaXN0ZXJlZCBu
ZXcgaW50ZXJmYWNlIGRyaXZlciBzbXNjOTV4eApKdW4gMTkgMDU6MDY6MDIgbXR1
OC0xNTAyNiBrZXJuZWw6IFsgICAgMi41NDAxOTFdIHVzYmNvcmU6IHJlZ2lzdGVy
ZWQgbmV3IGludGVyZmFjZSBkcml2ZXIgY2RjX3N1YnNldApKdW4gMTkgMDU6MDY6
MDIgbXR1OC0xNTAyNiBrZXJuZWw6IFsgICAgMi41NDAyNTJdIHVzYm1vbjogZGVi
dWdmcyBpcyBub3QgYXZhaWxhYmxlCkp1biAxOSAwNTowNjowMiBtdHU4LTE1MDI2
IGtlcm5lbDogWyAgICAyLjU0MDI4M10gZWhjaV9oY2Q6IFVTQiAyLjAgJ0VuaGFu
Y2VkJyBIb3N0IENvbnRyb2xsZXIgKEVIQ0kpIERyaXZlcgpKdW4gMTkgMDU6MDY6
MDIgbXR1OC0xNTAyNiBrZXJuZWw6IFsgICAgMy41NDIwNTNdIGVoY2ktb21hcCBl
aGNpLW9tYXAuMDogT01BUC1FSENJIEhvc3QgQ29udHJvbGxlcgpKdW4gMTkgMDU6
MDY6MDIgbXR1OC0xNTAyNiBrZXJuZWw6IFsgICAgMy41NDIxNDRdIGVoY2ktb21h
cCBlaGNpLW9tYXAuMDogbmV3IFVTQiBidXMgcmVnaXN0ZXJlZCwgYXNzaWduZWQg
YnVzIG51bWJlciAyCkp1biAxOSAwNTowNjowMiBtdHU4LTE1MDI2IGtlcm5lbDog
WyAgICAzLjU0MjI5N10gZWhjaS1vbWFwIGVoY2ktb21hcC4wOiBpcnEgNzcsIGlv
IG1lbSAweDQ4MDY0ODAwCkp1biAxOSAwNTowNjowMiBtdHU4LTE1MDI2IGtlcm5l
bDogWyAgICAzLjU1NzcwOF0gZWhjaS1vbWFwIGVoY2ktb21hcC4wOiBVU0IgMi4w
IHN0YXJ0ZWQsIEVIQ0kgMS4wMApKdW4gMTkgMDU6MDY6MDIgbXR1OC0xNTAyNiBr
ZXJuZWw6IFsgICAgMy41NTc4MzBdIHVzYiB1c2IyOiBOZXcgVVNCIGRldmljZSBm
b3VuZCwgaWRWZW5kb3I9MWQ2YiwgaWRQcm9kdWN0PTAwMDIKSnVuIDE5IDA1OjA2
OjAyIG10dTgtMTUwMjYga2VybmVsOiBbICAgIDMuNTU3ODYxXSB1c2IgdXNiMjog
TmV3IFVTQiBkZXZpY2Ugc3RyaW5nczogTWZyPTMsIFByb2R1Y3Q9MiwgU2VyaWFs
TnVtYmVyPTEKSnVuIDE5IDA1OjA2OjAyIG10dTgtMTUwMjYga2VybmVsOiBbICAg
IDMuNTU3ODkxXSB1c2IgdXNiMjogUHJvZHVjdDogT01BUC1FSENJIEhvc3QgQ29u
dHJvbGxlcgpKdW4gMTkgMDU6MDY6MDIgbXR1OC0xNTAyNiBrZXJuZWw6IFsgICAg
My41NTc4OTFdIHVzYiB1c2IyOiBNYW51ZmFjdHVyZXI6IExpbnV4IDMuMC4wIGVo
Y2lfaGNkCkp1biAxOSAwNTowNjowMiBtdHU4LTE1MDI2IGtlcm5lbDogWyAgICAz
LjU1NzkyMl0gdXNiIHVzYjI6IFNlcmlhbE51bWJlcjogZWhjaS1vbWFwLjAKSnVu
IDE5IDA1OjA2OjAyIG10dTgtMTUwMjYga2VybmVsOiBbICAgIDMuNTU4NTMyXSBo
dWIgMi0wOjEuMDogVVNCIGh1YiBmb3VuZApKdW4gMTkgMDU6MDY6MDIgbXR1OC0x
NTAyNiBrZXJuZWw6IFsgICAgMy41NTg1OTNdIGh1YiAyLTA6MS4wOiAzIHBvcnRz
IGRldGVjdGVkCkp1biAxOSAwNTowNjowMiBtdHU4LTE1MDI2IGtlcm5lbDogWyAg
ICAzLjU4OTE0MV0gdXNiY29yZTogcmVnaXN0ZXJlZCBuZXcgaW50ZXJmYWNlIGRy
aXZlciBjZGNfYWNtCkp1biAxOSAwNTowNjowMiBtdHU4LTE1MDI2IGtlcm5lbDog
WyAgICAzLjU4OTE0MV0gY2RjX2FjbTogVVNCIEFic3RyYWN0IENvbnRyb2wgTW9k
ZWwgZHJpdmVyIGZvciBVU0IgbW9kZW1zIGFuZCBJU0ROIGFkYXB0ZXJzCkp1biAx
OSAwNTowNjowMiBtdHU4LTE1MDI2IGtlcm5lbDogWyAgICAzLjU4OTE3Ml0gSW5p
dGlhbGl6aW5nIFVTQiBNYXNzIFN0b3JhZ2UgZHJpdmVyLi4uCkp1biAxOSAwNTow
NjowMiBtdHU4LTE1MDI2IGtlcm5lbDogWyAgICAzLjU4OTMyNF0gdXNiY29yZTog
cmVnaXN0ZXJlZCBuZXcgaW50ZXJmYWNlIGRyaXZlciB1c2Itc3RvcmFnZQpKdW4g
MTkgMDU6MDY6MDIgbXR1OC0xNTAyNiBrZXJuZWw6IFsgICAgMy41ODkzNTVdIFVT
QiBNYXNzIFN0b3JhZ2Ugc3VwcG9ydCByZWdpc3RlcmVkLgpKdW4gMTkgMDU6MDY6
MDIgbXR1OC0xNTAyNiBrZXJuZWw6IFsgICAgMy41ODk1NjldIHVzYmNvcmU6IHJl
Z2lzdGVyZWQgbmV3IGludGVyZmFjZSBkcml2ZXIgdXNic2VyaWFsCkp1biAxOSAw
NTowNjowMiBtdHU4LTE1MDI2IGtlcm5lbDogWyAgICAzLjU4OTYzMF0gVVNCIFNl
cmlhbCBzdXBwb3J0IHJlZ2lzdGVyZWQgZm9yIGdlbmVyaWMKSnVuIDE5IDA1OjA2
OjAyIG10dTgtMTUwMjYga2VybmVsOiBbICAgIDMuNTg5NzIxXSB1c2Jjb3JlOiBy
ZWdpc3RlcmVkIG5ldyBpbnRlcmZhY2UgZHJpdmVyIHVzYnNlcmlhbF9nZW5lcmlj
Ckp1biAxOSAwNTowNjowMiBtdHU4LTE1MDI2IGtlcm5lbDogWyAgICAzLjU4OTc1
Ml0gdXNic2VyaWFsOiBVU0IgU2VyaWFsIERyaXZlciBjb3JlCkp1biAxOSAwNTow
NjowMiBtdHU4LTE1MDI2IGtlcm5lbDogWyAgICAzLjU5MTEyNV0gdHdsX3J0YyB0
d2xfcnRjOiBydGMgY29yZTogcmVnaXN0ZXJlZCB0d2xfcnRjIGFzIHJ0YzAKSnVu
IDE5IDA1OjA2OjAyIG10dTgtMTUwMjYga2VybmVsOiBbICAgIDMuNTkxOTc5XSBp
MmMgL2RldiBlbnRyaWVzIGRyaXZlcgpKdW4gMTkgMDU6MDY6MDIgbXR1OC0xNTAy
NiBrZXJuZWw6IFsgICAgMy41OTI2NTFdIHBwcyBwcHMwOiBuZXcgUFBTIHNvdXJj
ZSBwcHMtZ3Bpby4tMQpKdW4gMTkgMDU6MDY6MDIgbXR1OC0xNTAyNiBrZXJuZWw6
IFsgICAgMy41OTI3NDJdIHBwcyBwcHMwOiBSZWdpc3RlcmVkIElSUSAzNDYgYXMg
UFBTIHNvdXJjZQpKdW4gMTkgMDU6MDY6MDIgbXR1OC0xNTAyNiBrZXJuZWw6IFsg
ICAgMy41OTM2MjddIE9NQVAgV2F0Y2hkb2cgVGltZXIgUmV2IDB4MzE6IGluaXRp
YWwgdGltZW91dCA2MCBzZWMKSnVuIDE5IDA1OjA2OjAyIG10dTgtMTUwMjYga2Vy
bmVsOiBbICAgIDMuNTk0MDg1XSBkZXZpY2UtbWFwcGVyOiBpb2N0bDogNC4yMC4w
LWlvY3RsICgyMDExLTAyLTAyKSBpbml0aWFsaXNlZDogZG0tZGV2ZWxAcmVkaGF0
LmNvbQpKdW4gMTkgMDU6MDY6MDIgbXR1OC0xNTAyNiBrZXJuZWw6IFsgICAgMy41
OTQyMDddIGNwdWlkbGU6IHVzaW5nIGdvdmVybm9yIGxhZGRlcgpKdW4gMTkgMDU6
MDY6MDIgbXR1OC0xNTAyNiBrZXJuZWw6IFsgICAgMy41OTQyMDddIGNwdWlkbGU6
IHVzaW5nIGdvdmVybm9yIG1lbnUKSnVuIDE5IDA1OjA2OjAyIG10dTgtMTUwMjYg
a2VybmVsOiBbICAgIDMuNTk4NjAyXSBvbWFwX3NoYW1fbW9kX2luaXQ6IGxvYWRp
bmcgb21hcC1zaGFtIGRyaXZlcgpKdW4gMTkgMDU6MDY6MDIgbXR1OC0xNTAyNiBr
ZXJuZWw6IFsgICAgMy41OTg2MzJdIG9tYXBfc2hhbV9tb2RfaW5pdDogVW5zdXBw
b3J0ZWQgY3B1Ckp1biAxOSAwNTowNjowMiBtdHU4LTE1MDI2IGtlcm5lbDogWyAg
ICAzLjU5ODYzMl0gb21hcF9hZXNfbW9kX2luaXQ6IGxvYWRpbmcgb21hcC1hZXMg
ZHJpdmVyCkp1biAxOSAwNTowNjowMiBtdHU4LTE1MDI2IGtlcm5lbDogWyAgICAz
LjU5ODY2M10gb21hcF9hZXNfbW9kX2luaXQ6IFVuc3VwcG9ydGVkIGNwdQpKdW4g
MTkgMDU6MDY6MDIgbXR1OC0xNTAyNiBrZXJuZWw6IFsgICAgMy41OTg5NjhdIHVz
YmNvcmU6IHJlZ2lzdGVyZWQgbmV3IGludGVyZmFjZSBkcml2ZXIgdXNiaGlkCkp1
biAxOSAwNTowNjowMiBtdHU4LTE1MDI2IGtlcm5lbDogWyAgICAzLjU5ODk2OF0g
dXNiaGlkOiBVU0IgSElEIGNvcmUgZHJpdmVyCkp1biAxOSAwNTowNjowMiBtdHU4
LTE1MDI2IGtlcm5lbDogWyAgICAzLjU5ODk5OV0gb3Byb2ZpbGU6IGhhcmR3YXJl
IGNvdW50ZXJzIG5vdCBhdmFpbGFibGUKSnVuIDE5IDA1OjA2OjAyIG10dTgtMTUw
MjYga2VybmVsOiBbICAgIDMuNTk4OTk5XSBvcHJvZmlsZTogdXNpbmcgdGltZXIg
aW50ZXJydXB0LgpKdW4gMTkgMDU6MDY6MDIgbXR1OC0xNTAyNiBrZXJuZWw6IFsg
ICAgMy41OTkyMTJdIFRDUCBjdWJpYyByZWdpc3RlcmVkCkp1biAxOSAwNTowNjow
MiBtdHU4LTE1MDI2IGtlcm5lbDogWyAgICAzLjU5OTM2NV0gTkVUOiBSZWdpc3Rl
cmVkIHByb3RvY29sIGZhbWlseSAxMApKdW4gMTkgMDU6MDY6MDIgbXR1OC0xNTAy
NiBrZXJuZWw6IFsgICAgMy42MDAyNTBdIE5FVDogUmVnaXN0ZXJlZCBwcm90b2Nv
bCBmYW1pbHkgMTcKSnVuIDE5IDA1OjA2OjAyIG10dTgtMTUwMjYga2VybmVsOiBb
ICAgIDMuNjAwMjgwXSBORVQ6IFJlZ2lzdGVyZWQgcHJvdG9jb2wgZmFtaWx5IDE1
Ckp1biAxOSAwNTowNjowMiBtdHU4LTE1MDI2IGtlcm5lbDogWyAgICAzLjYwMDMx
MV0gbGliODAyMTE6IGNvbW1vbiByb3V0aW5lcyBmb3IgSUVFRTgwMi4xMSBkcml2
ZXJzCkp1biAxOSAwNTowNjowMiBtdHU4LTE1MDI2IGtlcm5lbDogWyAgICAzLjYw
MDM3Ml0gUmVnaXN0ZXJpbmcgdGhlIGRuc19yZXNvbHZlciBrZXkgdHlwZQpKdW4g
MTkgMDU6MDY6MDIgbXR1OC0xNTAyNiBrZXJuZWw6IFsgICAgMy42MDA3MzhdIGJh
dG1hbl9hZHY6IEIuQS5ULk0uQS5OLiBhZHZhbmNlZCBuZXh0IChjb21wYXRpYmls
aXR5IHZlcnNpb24gMTIpIGxvYWRlZApKdW4gMTkgMDU6MDY6MDIgbXR1OC0xNTAy
NiBrZXJuZWw6IFsgICAgMy42MDA3NjldIFZGUCBzdXBwb3J0IHYwLjM6IGltcGxl
bWVudG9yIDQxIGFyY2hpdGVjdHVyZSAzIHBhcnQgMzAgdmFyaWFudCBjIHJldiAx
Ckp1biAxOSAwNTowNjowMiBtdHU4LTE1MDI2IGtlcm5lbDogWyAgICAzLjYwMDc5
OV0gVGh1bWJFRSBDUFUgZXh0ZW5zaW9uIHN1cHBvcnRlZC4KSnVuIDE5IDA1OjA2
OjAyIG10dTgtMTUwMjYga2VybmVsOiBbICAgIDMuNjA0NDkyXSBzcl9pbml0OiBO
byBQTUlDIGhvb2sgdG8gaW5pdCBzbWFydHJlZmxleApKdW4gMTkgMDU6MDY6MDIg
bXR1OC0xNTAyNiBrZXJuZWw6IFsgICAgMy42MDQ3MzZdIHNtYXJ0cmVmbGV4IHNt
YXJ0cmVmbGV4LjA6IG9tYXBfc3JfcHJvYmU6IFNtYXJ0UmVmbGV4IGRyaXZlciBp
bml0aWFsaXplZApKdW4gMTkgMDU6MDY6MDIgbXR1OC0xNTAyNiBrZXJuZWw6IFsg
ICAgMy42MDQ3NjZdIHNtYXJ0cmVmbGV4IHNtYXJ0cmVmbGV4LjA6IG9tYXBfc3Jf
cHJvYmU6IFVuYWJsZSB0byBjcmVhdGUgZGVidWdmcyBkaXJlY3RvcnkKSnVuIDE5
IDA1OjA2OjAyIG10dTgtMTUwMjYga2VybmVsOiBbICAgIDMuNjA0ODI3XSBzbWFy
dHJlZmxleCBzbWFydHJlZmxleC4xOiBvbWFwX3NyX3Byb2JlOiBTbWFydFJlZmxl
eCBkcml2ZXIgaW5pdGlhbGl6ZWQKSnVuIDE5IDA1OjA2OjAyIG10dTgtMTUwMjYg
a2VybmVsOiBbICAgIDMuNjA0ODU4XSBzbWFydHJlZmxleCBzbWFydHJlZmxleC4x
OiBvbWFwX3NyX3Byb2JlOiBVbmFibGUgdG8gY3JlYXRlIGRlYnVnZnMgZGlyZWN0
b3J5Ckp1biAxOSAwNTowNjowMiBtdHU4LTE1MDI2IGtlcm5lbDogWyAgICAzLjYw
NDk4MF0gc3JfaW5pdDogcGxhdGZvcm0gZHJpdmVyIHJlZ2lzdGVyIGZhaWxlZCBm
b3IgU1IKSnVuIDE5IDA1OjA2OjAyIG10dTgtMTUwMjYga2VybmVsOiBbICAgIDMu
NjA1MDcyXSBjbG9jazogZGlzYWJsaW5nIHVudXNlZCBjbG9ja3MgdG8gc2F2ZSBw
b3dlcgpKdW4gMTkgMDU6MDY6MDIgbXR1OC0xNTAyNiBrZXJuZWw6IFsgICAgMy42
MDY3ODFdIHJlZ3VsYXRvcl9pbml0X2NvbXBsZXRlOiBWRFZJOiBpbmNvbXBsZXRl
IGNvbnN0cmFpbnRzLCBsZWF2aW5nIG9uCkp1biAxOSAwNTowNjowMiBtdHU4LTE1
MDI2IGtlcm5lbDogWyAgICAzLjYwNjkzM10gcmVndWxhdG9yX2luaXRfY29tcGxl
dGU6IFZEQUM6IGluY29tcGxldGUgY29uc3RyYWludHMsIGxlYXZpbmcgb24KSnVu
IDE5IDA1OjA2OjAyIG10dTgtMTUwMjYga2VybmVsOiBbICAgIDMuNjA3OTcxXSB0
d2xfcnRjIHR3bF9ydGM6IHNldHRpbmcgc3lzdGVtIGNsb2NrIHRvIDIwMjMtMDYt
MTkgMDU6MDU6NTMgVVRDICgxNjg3MTUxMTUzKQpKdW4gMTkgMDU6MDY6MDIgbXR1
OC0xNTAyNiBrZXJuZWw6IFsgICAgMy42MDgwNjJdIFdhcm5pbmc6IHVuYWJsZSB0
byBvcGVuIGFuIGluaXRpYWwgY29uc29sZS4KSnVuIDE5IDA1OjA2OjAyIG10dTgt
MTUwMjYga2VybmVsOiBbICAgIDMuNjQyNDU2XSBVQklGUzogcmVjb3ZlcnkgbmVl
ZGVkCkp1biAxOSAwNTowNjowMiBtdHU4LTE1MDI2IGtlcm5lbDogWyAgICAzLjcz
MDg2NV0gVUJJRlM6IHJlY292ZXJ5IGNvbXBsZXRlZApKdW4gMTkgMDU6MDY6MDIg
bXR1OC0xNTAyNiBrZXJuZWw6IFsgICAgMy43MzA4OTVdIFVCSUZTOiBtb3VudGVk
IFVCSSBkZXZpY2UgMCwgdm9sdW1lIDAsIG5hbWUgInJvb3RmcyIKSnVuIDE5IDA1
OjA2OjAyIG10dTgtMTUwMjYga2VybmVsOiBbICAgIDMuNzMwODk1XSBVQklGUzog
ZmlsZSBzeXN0ZW0gc2l6ZTogICA1MDU5MDMxMDQgYnl0ZXMgKDQ5NDA0NiBLaUIs
IDQ4MiBNaUIsIDM5MjEgTEVCcykKSnVuIDE5IDA1OjA2OjAyIG10dTgtMTUwMjYg
a2VybmVsOiBbICAgIDMuNzMwOTI2XSBVQklGUzogam91cm5hbCBzaXplOiAgICAg
ICA5MDMzNzI4IGJ5dGVzICg4ODIyIEtpQiwgOCBNaUIsIDcxIExFQnMpCkp1biAx
OSAwNTowNjowMiBtdHU4LTE1MDI2IGtlcm5lbDogWyAgICAzLjczMDk1N10gVUJJ
RlM6IG1lZGlhIGZvcm1hdDogICAgICAgdzQvcjAgKGxhdGVzdCBpcyB3NC9yMCkK
SnVuIDE5IDA1OjA2OjAyIG10dTgtMTUwMjYga2VybmVsOiBbICAgIDMuNzMwOTU3
XSBVQklGUzogZGVmYXVsdCBjb21wcmVzc29yOiBsem8KSnVuIDE5IDA1OjA2OjAy
IG10dTgtMTUwMjYga2VybmVsOiBbICAgIDMuNzMwOTg3XSBVQklGUzogcmVzZXJ2
ZWQgZm9yIHJvb3Q6ICAwIGJ5dGVzICgwIEtpQikKSnVuIDE5IDA1OjA2OjAyIG10
dTgtMTUwMjYga2VybmVsOiBbICAgIDMuNzMxOTAzXSBWRlM6IE1vdW50ZWQgcm9v
dCAodWJpZnMgZmlsZXN5c3RlbSkgb24gZGV2aWNlIDA6MTIuCkp1biAxOSAwNTow
NjowMiBtdHU4LTE1MDI2IGtlcm5lbDogWyAgICAzLjczMjc4OF0gZGV2dG1wZnM6
IG1vdW50ZWQKSnVuIDE5IDA1OjA2OjAyIG10dTgtMTUwMjYga2VybmVsOiBbICAg
IDMuNzMyODc5XSBGcmVlaW5nIGluaXQgbWVtb3J5OiAxODBLCkp1biAxOSAwNTow
NjowMiBtdHU4LTE1MDI2IGtlcm5lbDogWyAgICAzLjg4NjEzOF0gdXNiIDItMjog
bmV3IGhpZ2ggc3BlZWQgVVNCIGRldmljZSBudW1iZXIgMiB1c2luZyBlaGNpLW9t
YXAKSnVuIDE5IDA1OjA2OjAyIG10dTgtMTUwMjYga2VybmVsOiBbICAgIDQuMDQz
NjcwXSB1c2IgMi0yOiBOZXcgVVNCIGRldmljZSBmb3VuZCwgaWRWZW5kb3I9MDQy
NCwgaWRQcm9kdWN0PTI1MTcKSnVuIDE5IDA1OjA2OjAyIG10dTgtMTUwMjYga2Vy
bmVsOiBbICAgIDQuMDQzNzAxXSB1c2IgMi0yOiBOZXcgVVNCIGRldmljZSBzdHJp
bmdzOiBNZnI9MCwgUHJvZHVjdD0wLCBTZXJpYWxOdW1iZXI9MApKdW4gMTkgMDU6
MDY6MDIgbXR1OC0xNTAyNiBrZXJuZWw6IFsgICAgNC4wNDQ1ODZdIGh1YiAyLTI6
MS4wOiBVU0IgaHViIGZvdW5kCkp1biAxOSAwNTowNjowMiBtdHU4LTE1MDI2IGtl
cm5lbDogWyAgICA0LjA0NDczOF0gaHViIDItMjoxLjA6IDcgcG9ydHMgZGV0ZWN0
ZWQKSnVuIDE5IDA1OjA2OjAyIG10dTgtMTUwMjYga2VybmVsOiBbICAgIDQuMzQy
NDM3XSB1c2IgMi0yLjE6IG5ldyBmdWxsIHNwZWVkIFVTQiBkZXZpY2UgbnVtYmVy
IDMgdXNpbmcgZWhjaS1vbWFwCkp1biAxOSAwNTowNjowMiBtdHU4LTE1MDI2IGtl
cm5lbDogWyAgICA0LjQ2MjAwNV0gdXNiIDItMi4xOiBOZXcgVVNCIGRldmljZSBm
b3VuZCwgaWRWZW5kb3I9ZjAwZiwgaWRQcm9kdWN0PTAwMTIKSnVuIDE5IDA1OjA2
OjAyIG10dTgtMTUwMjYga2VybmVsOiBbICAgIDQuNDYyMDM2XSB1c2IgMi0yLjE6
IE5ldyBVU0IgZGV2aWNlIHN0cmluZ3M6IE1mcj0xLCBQcm9kdWN0PTIsIFNlcmlh
bE51bWJlcj0wCkp1biAxOSAwNTowNjowMiBtdHU4LTE1MDI2IGtlcm5lbDogWyAg
ICA0LjQ2MjAzNl0gdXNiIDItMi4xOiBQcm9kdWN0OiBCb290YWJsZSBNb2R1bGUK
SnVuIDE5IDA1OjA2OjAyIG10dTgtMTUwMjYga2VybmVsOiBbICAgIDQuNDYyMDY2
XSB1c2IgMi0yLjE6IE1hbnVmYWN0dXJlcjogUGhvZW5peCBHZW9waHlzaWNzIEx0
ZC4KSnVuIDE5IDA1OjA2OjAyIG10dTgtMTUwMjYga2VybmVsOiBbICAgIDQuNDY2
MjQ3XSBnZW5lcmljLXVzYjogcHJvYmUgb2YgMDAwMzpGMDBGOjAwMTIuMDAwMSBm
YWlsZWQgd2l0aCBlcnJvciAtMzIKSnVuIDE5IDA1OjA2OjAyIG10dTgtMTUwMjYg
a2VybmVsOiBbICAgIDQuNDY2Njc0XSBjZGNfYWNtIDItMi4xOjEuMTogVGhpcyBk
ZXZpY2UgY2Fubm90IGRvIGNhbGxzIG9uIGl0cyBvd24uIEl0IGlzIG5vdCBhIG1v
ZGVtLgpKdW4gMTkgMDU6MDY6MDIgbXR1OC0xNTAyNiBrZXJuZWw6IFsgICAgNC40
NjcxNjNdIGNkY19hY20gMi0yLjE6MS4xOiB0dHlBQ00wOiBVU0IgQUNNIGRldmlj
ZQpKdW4gMTkgMDU6MDY6MDIgbXR1OC0xNTAyNiBrZXJuZWw6IFsgICAgNC41NTg3
NDZdIHVzYiAyLTIuMjogbmV3IGZ1bGwgc3BlZWQgVVNCIGRldmljZSBudW1iZXIg
NCB1c2luZyBlaGNpLW9tYXAKSnVuIDE5IDA1OjA2OjAyIG10dTgtMTUwMjYga2Vy
bmVsOiBbICAgIDQuNjgxNzAxXSB1c2IgMi0yLjI6IE5ldyBVU0IgZGV2aWNlIGZv
dW5kLCBpZFZlbmRvcj1mMDBmLCBpZFByb2R1Y3Q9MDAxMgpKdW4gMTkgMDU6MDY6
MDIgbXR1OC0xNTAyNiBrZXJuZWw6IFsgICAgNC42ODE3MzJdIHVzYiAyLTIuMjog
TmV3IFVTQiBkZXZpY2Ugc3RyaW5nczogTWZyPTEsIFByb2R1Y3Q9MiwgU2VyaWFs
TnVtYmVyPTAKSnVuIDE5IDA1OjA2OjAyIG10dTgtMTUwMjYga2VybmVsOiBbICAg
IDQuNjgxNzYyXSB1c2IgMi0yLjI6IFByb2R1Y3Q6IEJvb3RhYmxlIE1vZHVsZQpK
dW4gMTkgMDU6MDY6MDIgbXR1OC0xNTAyNiBrZXJuZWw6IFsgICAgNC42ODE3OTNd
IHVzYiAyLTIuMjogTWFudWZhY3R1cmVyOiBQaG9lbml4IEdlb3BoeXNpY3MgTHRk
LgpKdW4gMTkgMDU6MDY6MDIgbXR1OC0xNTAyNiBrZXJuZWw6IFsgICAgNC42OTA2
NDNdIGdlbmVyaWMtdXNiOiBwcm9iZSBvZiAwMDAzOkYwMEY6MDAxMi4wMDAyIGZh
aWxlZCB3aXRoIGVycm9yIC0zMgpKdW4gMTkgMDU6MDY6MDIgbXR1OC0xNTAyNiBr
ZXJuZWw6IFsgICAgNC42OTExMDFdIGNkY19hY20gMi0yLjI6MS4xOiBUaGlzIGRl
dmljZSBjYW5ub3QgZG8gY2FsbHMgb24gaXRzIG93bi4gSXQgaXMgbm90IGEgbW9k
ZW0uCkp1biAxOSAwNTowNjowMiBtdHU4LTE1MDI2IGtlcm5lbDogWyAgICA0LjY5
MTY1MF0gY2RjX2FjbSAyLTIuMjoxLjE6IHR0eUFDTTE6IFVTQiBBQ00gZGV2aWNl
Ckp1biAxOSAwNTowNjowMiBtdHU4LTE1MDI2IGtlcm5lbDogWyAgICA0Ljc4NDc5
MF0gdXNiIDItMi40OiBuZXcgZnVsbCBzcGVlZCBVU0IgZGV2aWNlIG51bWJlciA1
IHVzaW5nIGVoY2ktb21hcApKdW4gMTkgMDU6MDY6MDIgbXR1OC0xNTAyNiBrZXJu
ZWw6IFsgICAgNC45MDYwMzZdIHVzYiAyLTIuNDogTmV3IFVTQiBkZXZpY2UgZm91
bmQsIGlkVmVuZG9yPWYwMGYsIGlkUHJvZHVjdD0wMDEyCkp1biAxOSAwNTowNjow
MiBtdHU4LTE1MDI2IGtlcm5lbDogWyAgICA0LjkwNjA2Nl0gdXNiIDItMi40OiBO
ZXcgVVNCIGRldmljZSBzdHJpbmdzOiBNZnI9MSwgUHJvZHVjdD0yLCBTZXJpYWxO
dW1iZXI9MApKdW4gMTkgMDU6MDY6MDIgbXR1OC0xNTAyNiBrZXJuZWw6IFsgICAg
NC45MDYwOTddIHVzYiAyLTIuNDogUHJvZHVjdDogQm9vdGFibGUgTW9kdWxlCkp1
biAxOSAwNTowNjowMiBtdHU4LTE1MDI2IGtlcm5lbDogWyAgICA0LjkwNjA5N10g
dXNiIDItMi40OiBNYW51ZmFjdHVyZXI6IFBob2VuaXggR2VvcGh5c2ljcyBMdGQu
Ckp1biAxOSAwNTowNjowMiBtdHU4LTE1MDI2IGtlcm5lbDogWyAgICA0LjkxNTI1
Ml0gZ2VuZXJpYy11c2I6IHByb2JlIG9mIDAwMDM6RjAwRjowMDEyLjAwMDMgZmFp
bGVkIHdpdGggZXJyb3IgLTMyCkp1biAxOSAwNTowNjowMiBtdHU4LTE1MDI2IGtl
cm5lbDogWyAgICA0LjkxNTc0MF0gY2RjX2FjbSAyLTIuNDoxLjE6IFRoaXMgZGV2
aWNlIGNhbm5vdCBkbyBjYWxscyBvbiBpdHMgb3duLiBJdCBpcyBub3QgYSBtb2Rl
bS4KSnVuIDE5IDA1OjA2OjAyIG10dTgtMTUwMjYga2VybmVsOiBbICAgIDQuOTE2
MjkwXSBjZGNfYWNtIDItMi40OjEuMTogdHR5QUNNMjogVVNCIEFDTSBkZXZpY2UK
SnVuIDE5IDA1OjA2OjAyIG10dTgtMTUwMjYga2VybmVsOiBbICAgIDUuMDA0MjEx
XSB1c2IgMi0yLjY6IG5ldyBoaWdoIHNwZWVkIFVTQiBkZXZpY2UgbnVtYmVyIDYg
dXNpbmcgZWhjaS1vbWFwCkp1biAxOSAwNTowNjowMiBtdHU4LTE1MDI2IGtlcm5l
bDogWyAgICA1LjEyMTIxNV0gdXNiIDItMi42OiBOZXcgVVNCIGRldmljZSBmb3Vu
ZCwgaWRWZW5kb3I9MDQyNCwgaWRQcm9kdWN0PTI1MTcKSnVuIDE5IDA1OjA2OjAy
IG10dTgtMTUwMjYga2VybmVsOiBbICAgIDUuMTIxMjQ2XSB1c2IgMi0yLjY6IE5l
dyBVU0IgZGV2aWNlIHN0cmluZ3M6IE1mcj0wLCBQcm9kdWN0PTAsIFNlcmlhbE51
bWJlcj0wCkp1biAxOSAwNTowNjowMiBtdHU4LTE1MDI2IGtlcm5lbDogWyAgICA1
LjEyMjA3MF0gaHViIDItMi42OjEuMDogVVNCIGh1YiBmb3VuZApKdW4gMTkgMDU6
MDY6MDIgbXR1OC0xNTAyNiBrZXJuZWw6IFsgICAgNS4xMjIxOTJdIGh1YiAyLTIu
NjoxLjA6IDcgcG9ydHMgZGV0ZWN0ZWQKSnVuIDE5IDA1OjA2OjAyIG10dTgtMTUw
MjYga2VybmVsOiBbICAgIDUuNDA5NjA2XSB1c2IgMi0yLjYuMjogbmV3IGZ1bGwg
c3BlZWQgVVNCIGRldmljZSBudW1iZXIgNyB1c2luZyBlaGNpLW9tYXAKSnVuIDE5
IDA1OjA2OjAyIG10dTgtMTUwMjYga2VybmVsOiBbICAgIDUuNTMxMzcyXSB1c2Ig
Mi0yLjYuMjogTmV3IFVTQiBkZXZpY2UgZm91bmQsIGlkVmVuZG9yPWYwMGYsIGlk
UHJvZHVjdD0wMDEyCkp1biAxOSAwNTowNjowMiBtdHU4LTE1MDI2IGtlcm5lbDog
WyAgICA1LjUzMTQwMl0gdXNiIDItMi42LjI6IE5ldyBVU0IgZGV2aWNlIHN0cmlu
Z3M6IE1mcj0xLCBQcm9kdWN0PTIsIFNlcmlhbE51bWJlcj0wCkp1biAxOSAwNTow
NjowMiBtdHU4LTE1MDI2IGtlcm5lbDogWyAgICA1LjUzMTQzM10gdXNiIDItMi42
LjI6IFByb2R1Y3Q6IEJvb3RhYmxlIE1vZHVsZQpKdW4gMTkgMDU6MDY6MDIgbXR1
OC0xNTAyNiBrZXJuZWw6IFsgICAgNS41MzE0MzNdIHVzYiAyLTIuNi4yOiBNYW51
ZmFjdHVyZXI6IFBob2VuaXggR2VvcGh5c2ljcyBMdGQuCkp1biAxOSAwNTowNjow
MiBtdHU4LTE1MDI2IGtlcm5lbDogWyAgICA1LjUzNDM2Ml0gZ2VuZXJpYy11c2I6
IHByb2JlIG9mIDAwMDM6RjAwRjowMDEyLjAwMDQgZmFpbGVkIHdpdGggZXJyb3Ig
LTMyCkp1biAxOSAwNTowNjowMiBtdHU4LTE1MDI2IGtlcm5lbDogWyAgICA1LjUz
NDg1MV0gY2RjX2FjbSAyLTIuNi4yOjEuMTogVGhpcyBkZXZpY2UgY2Fubm90IGRv
IGNhbGxzIG9uIGl0cyBvd24uIEl0IGlzIG5vdCBhIG1vZGVtLgpKdW4gMTkgMDU6
MDY6MDIgbXR1OC0xNTAyNiBrZXJuZWw6IFsgICAgNS41MzU0MzBdIGNkY19hY20g
Mi0yLjYuMjoxLjE6IHR0eUFDTTM6IFVTQiBBQ00gZGV2aWNlCkp1biAxOSAwNTow
NjowMiBtdHU4LTE1MDI2IGtlcm5lbDogWyAgICA1LjY1OTc1OV0gdXNiIDItMi42
LjQ6IG5ldyBmdWxsIHNwZWVkIFVTQiBkZXZpY2UgbnVtYmVyIDggdXNpbmcgZWhj
aS1vbWFwCkp1biAxOSAwNTowNjowMiBtdHU4LTE1MDI2IGtlcm5lbDogWyAgICA1
Ljc4MDczMV0gdXNiIDItMi42LjQ6IE5ldyBVU0IgZGV2aWNlIGZvdW5kLCBpZFZl
bmRvcj1mMDBmLCBpZFByb2R1Y3Q9MDAxMgpKdW4gMTkgMDU6MDY6MDIgbXR1OC0x
NTAyNiBrZXJuZWw6IFsgICAgNS43ODA3NjFdIHVzYiAyLTIuNi40OiBOZXcgVVNC
IGRldmljZSBzdHJpbmdzOiBNZnI9MSwgUHJvZHVjdD0yLCBTZXJpYWxOdW1iZXI9
MApKdW4gMTkgMDU6MDY6MDIgbXR1OC0xNTAyNiBrZXJuZWw6IFsgICAgNS43ODA3
NjFdIHVzYiAyLTIuNi40OiBQcm9kdWN0OiBCb290YWJsZSBNb2R1bGUKSnVuIDE5
IDA1OjA2OjAyIG10dTgtMTUwMjYga2VybmVsOiBbICAgIDUuNzgwNzkyXSB1c2Ig
Mi0yLjYuNDogTWFudWZhY3R1cmVyOiBQaG9lbml4IEdlb3BoeXNpY3MgTHRkLgpK
dW4gMTkgMDU6MDY6MDIgbXR1OC0xNTAyNiBrZXJuZWw6IFsgICAgNS43ODM3NTJd
IGdlbmVyaWMtdXNiOiBwcm9iZSBvZiAwMDAzOkYwMEY6MDAxMi4wMDA1IGZhaWxl
ZCB3aXRoIGVycm9yIC0zMgpKdW4gMTkgMDU6MDY6MDIgbXR1OC0xNTAyNiBrZXJu
ZWw6IFsgICAgNS43ODQxNzldIGNkY19hY20gMi0yLjYuNDoxLjE6IFRoaXMgZGV2
aWNlIGNhbm5vdCBkbyBjYWxscyBvbiBpdHMgb3duLiBJdCBpcyBub3QgYSBtb2Rl
bS4KSnVuIDE5IDA1OjA2OjAyIG10dTgtMTUwMjYga2VybmVsOiBbICAgIDUuNzg0
ODUxXSBjZGNfYWNtIDItMi42LjQ6MS4xOiB0dHlBQ000OiBVU0IgQUNNIGRldmlj
ZQpKdW4gMTkgMDU6MDY6MDIgbXR1OC0xNTAyNiBrZXJuZWw6IFsgICAgNS45MDE3
NjNdIHVzYiAyLTIuNi41OiBuZXcgZnVsbCBzcGVlZCBVU0IgZGV2aWNlIG51bWJl
ciA5IHVzaW5nIGVoY2ktb21hcApKdW4gMTkgMDU6MDY6MDIgbXR1OC0xNTAyNiBr
ZXJuZWw6IFsgICAgNi4wMjMxOTNdIHVzYiAyLTIuNi41OiBOZXcgVVNCIGRldmlj
ZSBmb3VuZCwgaWRWZW5kb3I9ZjAwZiwgaWRQcm9kdWN0PTAwMTIKSnVuIDE5IDA1
OjA2OjAyIG10dTgtMTUwMjYga2VybmVsOiBbICAgIDYuMDIzMjIzXSB1c2IgMi0y
LjYuNTogTmV3IFVTQiBkZXZpY2Ugc3RyaW5nczogTWZyPTEsIFByb2R1Y3Q9Miwg
U2VyaWFsTnVtYmVyPTAKSnVuIDE5IDA1OjA2OjAyIG10dTgtMTUwMjYga2VybmVs
OiBbICAgIDYuMDIzMjU0XSB1c2IgMi0yLjYuNTogUHJvZHVjdDogQm9vdGFibGUg
TW9kdWxlCkp1biAxOSAwNTowNjowMiBtdHU4LTE1MDI2IGtlcm5lbDogWyAgICA2
LjAyMzI4NF0gdXNiIDItMi42LjU6IE1hbnVmYWN0dXJlcjogUGhvZW5peCBHZW9w
aHlzaWNzIEx0ZC4KSnVuIDE5IDA1OjA2OjAyIG10dTgtMTUwMjYga2VybmVsOiBb
ICAgIDYuMDI2MTg0XSBnZW5lcmljLXVzYjogcHJvYmUgb2YgMDAwMzpGMDBGOjAw
MTIuMDAwNiBmYWlsZWQgd2l0aCBlcnJvciAtMzIKSnVuIDE5IDA1OjA2OjAyIG10
dTgtMTUwMjYga2VybmVsOiBbICAgIDYuMDI2NzMzXSBjZGNfYWNtIDItMi42LjU6
MS4xOiBUaGlzIGRldmljZSBjYW5ub3QgZG8gY2FsbHMgb24gaXRzIG93bi4gSXQg
aXMgbm90IGEgbW9kZW0uCkp1biAxOSAwNTowNjowMiBtdHU4LTE1MDI2IGtlcm5l
bDogWyAgICA2LjAyNzM3NF0gY2RjX2FjbSAyLTIuNi41OjEuMTogdHR5QUNNNTog
VVNCIEFDTSBkZXZpY2UKSnVuIDE5IDA1OjA2OjAyIG10dTgtMTUwMjYga2VybmVs
OiBbICAgIDYuMTI4NDQ4XSB1c2IgMi0yLjYuNjogbmV3IGhpZ2ggc3BlZWQgVVNC
IGRldmljZSBudW1iZXIgMTAgdXNpbmcgZWhjaS1vbWFwCkp1biAxOSAwNTowNjow
MiBtdHU4LTE1MDI2IGtlcm5lbDogWyAgICA2LjI0NTk0MV0gdXNiIDItMi42LjY6
IE5ldyBVU0IgZGV2aWNlIGZvdW5kLCBpZFZlbmRvcj0wNDI0LCBpZFByb2R1Y3Q9
OWUwMApKdW4gMTkgMDU6MDY6MDIgbXR1OC0xNTAyNiBrZXJuZWw6IFsgICAgNi4y
NDU5NzFdIHVzYiAyLTIuNi42OiBOZXcgVVNCIGRldmljZSBzdHJpbmdzOiBNZnI9
MCwgUHJvZHVjdD0wLCBTZXJpYWxOdW1iZXI9MApKdW4gMTkgMDU6MDY6MDIgbXR1
OC0xNTAyNiBrZXJuZWw6IFsgICAgNi4yNDkwNTNdIHNtc2M5NXh4IHYxLjAuNApK
dW4gMTkgMDU6MDY6MDIgbXR1OC0xNTAyNiBrZXJuZWw6IFsgICAgNi40MDE5Nzdd
IHNtc2M5NXh4IDItMi42LjY6MS4wOiBldGgwOiByZWdpc3RlciAnc21zYzk1eHgn
IGF0IHVzYi1laGNpLW9tYXAuMC0yLjYuNiwgc21zYzk1eHggVVNCIDIuMCBFdGhl
cm5ldCwgZTI6ZDI6YmI6Yjk6ZmM6ZWQKSnVuIDE5IDA1OjA2OjAyIG10dTgtMTUw
MjYga2VybmVsOiBbICAgIDYuNTQzNTQ4XSB1c2IgMi0yLjYuNzogbmV3IGZ1bGwg
c3BlZWQgVVNCIGRldmljZSBudW1iZXIgMTEgdXNpbmcgZWhjaS1vbWFwCkp1biAx
OSAwNTowNjowMiBtdHU4LTE1MDI2IGtlcm5lbDogWyAgICA2LjY2NTgzMl0gdXNi
IDItMi42Ljc6IE5ldyBVU0IgZGV2aWNlIGZvdW5kLCBpZFZlbmRvcj1mMDBmLCBp
ZFByb2R1Y3Q9MDAxMgpKdW4gMTkgMDU6MDY6MDIgbXR1OC0xNTAyNiBrZXJuZWw6
IFsgICAgNi42NjU4NjNdIHVzYiAyLTIuNi43OiBOZXcgVVNCIGRldmljZSBzdHJp
bmdzOiBNZnI9MSwgUHJvZHVjdD0yLCBTZXJpYWxOdW1iZXI9MApKdW4gMTkgMDU6
MDY6MDIgbXR1OC0xNTAyNiBrZXJuZWw6IFsgICAgNi42NjU4OTNdIHVzYiAyLTIu
Ni43OiBQcm9kdWN0OiBCb290YWJsZSBNb2R1bGUKSnVuIDE5IDA1OjA2OjAyIG10
dTgtMTUwMjYga2VybmVsOiBbICAgIDYuNjY1ODkzXSB1c2IgMi0yLjYuNzogTWFu
dWZhY3R1cmVyOiBQaG9lbml4IEdlb3BoeXNpY3MgTHRkLgpKdW4gMTkgMDU6MDY6
MDIgbXR1OC0xNTAyNiBrZXJuZWw6IFsgICAgNi42NzUzODRdIGlucHV0OiBQaG9l
bml4IEdlb3BoeXNpY3MgTHRkLiBCb290YWJsZSBNb2R1bGUgYXMgL2RldmljZXMv
cGxhdGZvcm0vdXNiaHMtb21hcC4wL2VoY2ktb21hcC4wL3VzYjIvMi0yLzItMi42
LzItMi42LjcvMi0yLjYuNzoxLjAvaW5wdXQvaW5wdXQwCkp1biAxOSAwNTowNjow
MiBtdHU4LTE1MDI2IGtlcm5lbDogWyAgICA2LjY3NTYyOF0gZ2VuZXJpYy11c2Ig
MDAwMzpGMDBGOjAwMTIuMDAwNzogaW5wdXQ6IFVTQiBISUQgdjEuMTEgR2FtZXBh
ZCBbUGhvZW5peCBHZW9waHlzaWNzIEx0ZC4gQm9vdGFibGUgTW9kdWxlXSBvbiB1
c2ItZWhjaS1vbWFwLjAtMi42LjcvaW5wdXQwCkp1biAxOSAwNTowNjowMiBtdHU4
LTE1MDI2IGtlcm5lbDogWyAgICA2LjY3NjE0N10gY2RjX2FjbSAyLTIuNi43OjEu
MTogVGhpcyBkZXZpY2UgY2Fubm90IGRvIGNhbGxzIG9uIGl0cyBvd24uIEl0IGlz
IG5vdCBhIG1vZGVtLgpKdW4gMTkgMDU6MDY6MDIgbXR1OC0xNTAyNiBrZXJuZWw6
IFsgICAgNi42NzY3ODhdIGNkY19hY20gMi0yLjYuNzoxLjE6IHR0eUFDTTY6IFVT
QiBBQ00gZGV2aWNlCkp1biAxOSAwNTowNjowMiBtdHU4LTE1MDI2IGtlcm5lbDog
WyAgICA3LjA0MjU3Ml0gdXNiIDItMi42LjE6IG5ldyBoaWdoIHNwZWVkIFVTQiBk
ZXZpY2UgbnVtYmVyIDEyIHVzaW5nIGVoY2ktb21hcApKdW4gMTkgMDU6MDY6MDIg
bXR1OC0xNTAyNiBrZXJuZWw6IFsgICAgNy4yMjUzMTFdIHVzYiAyLTIuNi4xOiBO
ZXcgVVNCIGRldmljZSBmb3VuZCwgaWRWZW5kb3I9MDQyNCwgaWRQcm9kdWN0PTIy
NDAKSnVuIDE5IDA1OjA2OjAyIG10dTgtMTUwMjYga2VybmVsOiBbICAgIDcuMjI1
MzQxXSB1c2IgMi0yLjYuMTogTmV3IFVTQiBkZXZpY2Ugc3RyaW5nczogTWZyPTEs
IFByb2R1Y3Q9MiwgU2VyaWFsTnVtYmVyPTMKSnVuIDE5IDA1OjA2OjAyIG10dTgt
MTUwMjYga2VybmVsOiBbICAgIDcuMjI1MzcyXSB1c2IgMi0yLjYuMTogUHJvZHVj
dDogVWx0cmEgRmFzdCBNZWRpYSAKSnVuIDE5IDA1OjA2OjAyIG10dTgtMTUwMjYg
a2VybmVsOiBbICAgIDcuMjI1MzcyXSB1c2IgMi0yLjYuMTogTWFudWZhY3R1cmVy
OiBQaG9lbml4Ckp1biAxOSAwNTowNjowMiBtdHU4LTE1MDI2IGtlcm5lbDogWyAg
ICA3LjIyNTQwMl0gdXNiIDItMi42LjE6IFNlcmlhbE51bWJlcjogMDAwMDAwMjAy
NzQ5Ckp1biAxOSAwNTowNjowMiBtdHU4LTE1MDI2IGtlcm5lbDogWyAgICA3LjI3
OTU3MV0gc2NzaTAgOiB1c2Itc3RvcmFnZSAyLTIuNi4xOjEuMApKdW4gMTkgMDU6
MDY6MDIgbXR1OC0xNTAyNiBrZXJuZWw6IFsgICAgOC4zMjQ4OTBdIHNjc2kgMDow
OjA6MDogRGlyZWN0LUFjY2VzcyAgICAgUGhvZW5peCAgVWx0cmEgSFMtQ09NQk8g
ICAxLjk4IFBROiAwIEFOU0k6IDAKSnVuIDE5IDA1OjA2OjAyIG10dTgtMTUwMjYg
a2VybmVsOiBbICAgIDguMzMwNjI3XSBzZCAwOjA6MDowOiBbc2RhXSAxMjE1MDM3
NDQgNTEyLWJ5dGUgbG9naWNhbCBibG9ja3M6ICg2Mi4yIEdCLzU3LjkgR2lCKQpK
dW4gMTkgMDU6MDY6MDIgbXR1OC0xNTAyNiBrZXJuZWw6IFsgICAgOC4zMzM5MjNd
IHNkIDA6MDowOjA6IFtzZGFdIFdyaXRlIFByb3RlY3QgaXMgb2ZmCkp1biAxOSAw
NTowNjowMiBtdHU4LTE1MDI2IGtlcm5lbDogWyAgICA4LjMzNTExM10gc2QgMDow
OjA6MDogW3NkYV0gTm8gQ2FjaGluZyBtb2RlIHBhZ2UgcHJlc2VudApKdW4gMTkg
MDU6MDY6MDIgbXR1OC0xNTAyNiBrZXJuZWw6IFsgICAgOC4zMzUxNDRdIHNkIDA6
MDowOjA6IFtzZGFdIEFzc3VtaW5nIGRyaXZlIGNhY2hlOiB3cml0ZSB0aHJvdWdo
Ckp1biAxOSAwNTowNjowMiBtdHU4LTE1MDI2IGtlcm5lbDogWyAgICA4LjM1Mzcy
OV0gc2QgMDowOjA6MDogW3NkYV0gTm8gQ2FjaGluZyBtb2RlIHBhZ2UgcHJlc2Vu
dApKdW4gMTkgMDU6MDY6MDIgbXR1OC0xNTAyNiBrZXJuZWw6IFsgICAgOC4zNTM3
NTldIHNkIDA6MDowOjA6IFtzZGFdIEFzc3VtaW5nIGRyaXZlIGNhY2hlOiB3cml0
ZSB0aHJvdWdoCkp1biAxOSAwNTowNjowMiBtdHU4LTE1MDI2IGtlcm5lbDogWyAg
ICA4LjM1NTQ2OF0gIHNkYTogc2RhMQpKdW4gMTkgMDU6MDY6MDIgbXR1OC0xNTAy
NiBrZXJuZWw6IFsgICAgOC4zNjk5NjRdIHNkIDA6MDowOjA6IFtzZGFdIE5vIENh
Y2hpbmcgbW9kZSBwYWdlIHByZXNlbnQKSnVuIDE5IDA1OjA2OjAyIG10dTgtMTUw
MjYga2VybmVsOiBbICAgIDguMzY5OTk1XSBzZCAwOjA6MDowOiBbc2RhXSBBc3N1
bWluZyBkcml2ZSBjYWNoZTogd3JpdGUgdGhyb3VnaApKdW4gMTkgMDU6MDY6MDIg
bXR1OC0xNTAyNiBrZXJuZWw6IFsgICAgOC4zNzAwMjVdIHNkIDA6MDowOjA6IFtz
ZGFdIEF0dGFjaGVkIFNDU0kgcmVtb3ZhYmxlIGRpc2sKSnVuIDE5IDA1OjA2OjAy
IG10dTgtMTUwMjYga2VybmVsOiBbICAgIDguOTM0NjYxXSBbRVhGQVRdIHRyeWlu
ZyB0byBtb3VudC4uLgpKdW4gMTkgMDU6MDY6MDIgbXR1OC0xNTAyNiBrZXJuZWw6
IFsgICAgOS42MDU5ODddIFtFWEZBVF0gdHJ5aW5nIHRvIG1vdW50Li4uCkp1biAx
OSAwNTowNjowMiBtdHU4LTE1MDI2IGtlcm5lbDogWyAgICA5LjcxMDIzNV0gW0VY
RkFUXSBtb3VudGVkIHN1Y2Nlc3NmdWxseQpKdW4gMTkgMDU6MDY6MDIgbXR1OC0x
NTAyNiBrZXJuZWw6IFsgICAxMi45MDgzNTVdIHNtc2M5NXh4IDItMi42LjY6MS4w
OiBldGgwOiBsaW5rIHVwLCAxMDBNYnBzLCBmdWxsLWR1cGxleCwgbHBhIDB4QzVF
MQpKdW4gMTkgMDU6MDY6MDUgbXR1OC0xNTAyNiBrZXJuZWw6IFsgICAxNi4xMDI0
NDddIHNtc2M5NXh4IDItMi42LjY6MS4wOiBldGgwOiBsaW5rIHVwLCAxMDBNYnBz
LCBmdWxsLWR1cGxleCwgbHBhIDB4QzVFMQpKdW4gMTkgMDU6MDY6MTQgbXR1OC0x
NTAyNiBrZXJuZWw6IFsgICAyNS4wNzAwOThdIEVYVDMtZnM6IGJhcnJpZXJzIG5v
dCBlbmFibGVkCkp1biAxOSAwNTowNjoxNCBtdHU4LTE1MDI2IGtlcm5lbDogWyAg
IDI1LjA3MTU2M10ga2pvdXJuYWxkIHN0YXJ0aW5nLiAgQ29tbWl0IGludGVydmFs
IDUgc2Vjb25kcwpKdW4gMTkgMDU6MDY6MTQgbXR1OC0xNTAyNiBrZXJuZWw6IFsg
ICAyNS4wNzIwMjFdIEVYVDMtZnMgKGRtLTApOiB1c2luZyBpbnRlcm5hbCBqb3Vy
bmFsCkp1biAxOSAwNTowNjoxNCBtdHU4LTE1MDI2IGtlcm5lbDogWyAgIDI1LjA3
MjA1Ml0gRVhUMy1mcyAoZG0tMCk6IG1vdW50ZWQgZmlsZXN5c3RlbSB3aXRoIHdy
aXRlYmFjayBkYXRhIG1vZGUKSnVuIDE5IDA1OjA2OjE1IG10dTgtMTUwMjYga2Vy
bmVsOiBbICAgMjUuODE1MzA3XSB1c2IgMi0yLjE6IFVTQiBkaXNjb25uZWN0LCBk
ZXZpY2UgbnVtYmVyIDMKSnVuIDE5IDA1OjA2OjE2IG10dTgtMTUwMjYga2VybmVs
OiBbICAgMjYuNTgzMjgyXSB1c2IgMi0yLjI6IFVTQiBkaXNjb25uZWN0LCBkZXZp
Y2UgbnVtYmVyIDQKSnVuIDE5IDA1OjA2OjE2IG10dTgtMTUwMjYga2VybmVsOiBb
ICAgMjcuMDk1MTUzXSB1c2IgMi0yLjQ6IFVTQiBkaXNjb25uZWN0LCBkZXZpY2Ug
bnVtYmVyIDUKSnVuIDE5IDA1OjA2OjE3IG10dTgtMTUwMjYga2VybmVsOiBbICAg
MjcuODY0MTA1XSB1c2IgMi0yLjYuMjogVVNCIGRpc2Nvbm5lY3QsIGRldmljZSBu
dW1iZXIgNwpKdW4gMTkgMDU6MDY6MTggbXR1OC0xNTAyNiBrZXJuZWw6IFsgICAy
OC4zNTQyNzhdIHVzYiAyLTIuMTogbmV3IGZ1bGwgc3BlZWQgVVNCIGRldmljZSBu
dW1iZXIgMTMgdXNpbmcgZWhjaS1vbWFwCkp1biAxOSAwNTowNjoxOCBtdHU4LTE1
MDI2IGtlcm5lbDogWyAgIDI4LjQ3NTcwOF0gdXNiIDItMi4xOiBOZXcgVVNCIGRl
dmljZSBmb3VuZCwgaWRWZW5kb3I9ZjAwZiwgaWRQcm9kdWN0PTAwMDIKSnVuIDE5
IDA1OjA2OjE4IG10dTgtMTUwMjYga2VybmVsOiBbICAgMjguNDc1NzM4XSB1c2Ig
Mi0yLjE6IE5ldyBVU0IgZGV2aWNlIHN0cmluZ3M6IE1mcj0xLCBQcm9kdWN0PTIs
IFNlcmlhbE51bWJlcj0wCkp1biAxOSAwNTowNjoxOCBtdHU4LTE1MDI2IGtlcm5l
bDogWyAgIDI4LjQ3NTc2OV0gdXNiIDItMi4xOiBQcm9kdWN0OiBUaW1pbmcgTW9k
dWxlICAoUE46IDQ0NTYpCkp1biAxOSAwNTowNjoxOCBtdHU4LTE1MDI2IGtlcm5l
bDogWyAgIDI4LjQ3NTc5OV0gdXNiIDItMi4xOiBNYW51ZmFjdHVyZXI6IFBob2Vu
aXggR2VvcGh5c2ljcyBMdGQuCkp1biAxOSAwNTowNjoxOCBtdHU4LTE1MDI2IGtl
cm5lbDogWyAgIDI4LjQ3ODMwMl0gY2RjX2FjbSAyLTIuMToxLjA6IFRoaXMgZGV2
aWNlIGNhbm5vdCBkbyBjYWxscyBvbiBpdHMgb3duLiBJdCBpcyBub3QgYSBtb2Rl
bS4KSnVuIDE5IDA1OjA2OjE4IG10dTgtMTUwMjYga2VybmVsOiBbICAgMjguNDc4
NDU0XSBjZGNfYWNtIDItMi4xOjEuMDogdHR5QUNNMDogVVNCIEFDTSBkZXZpY2UK
SnVuIDE5IDA1OjA2OjE4IG10dTgtMTUwMjYga2VybmVsOiBbICAgMjguODY5OTM0
XSB1c2IgMi0yLjI6IG5ldyBmdWxsIHNwZWVkIFVTQiBkZXZpY2UgbnVtYmVyIDE0
IHVzaW5nIGVoY2ktb21hcApKdW4gMTkgMDU6MDY6MTggbXR1OC0xNTAyNiBrZXJu
ZWw6IFsgICAyOC45OTIwMDRdIHVzYiAyLTIuMjogTmV3IFVTQiBkZXZpY2UgZm91
bmQsIGlkVmVuZG9yPWYwMGYsIGlkUHJvZHVjdD0wMDAzCkp1biAxOSAwNTowNjox
OCBtdHU4LTE1MDI2IGtlcm5lbDogWyAgIDI4Ljk5MjAzNF0gdXNiIDItMi4yOiBO
ZXcgVVNCIGRldmljZSBzdHJpbmdzOiBNZnI9MSwgUHJvZHVjdD0yLCBTZXJpYWxO
dW1iZXI9MApKdW4gMTkgMDU6MDY6MTggbXR1OC0xNTAyNiBrZXJuZWw6IFsgICAy
OC45OTIwNjVdIHVzYiAyLTIuMjogUHJvZHVjdDogQ2hhbm5lbCBNb2R1bGUgKEJD
TTA1LUIpCkp1biAxOSAwNTowNjoxOCBtdHU4LTE1MDI2IGtlcm5lbDogWyAgIDI4
Ljk5MjA5NV0gdXNiIDItMi4yOiBNYW51ZmFjdHVyZXI6IFBob2VuaXggR2VvcGh5
c2ljcyBMdGQuCkp1biAxOSAwNTowNjoxOCBtdHU4LTE1MDI2IGtlcm5lbDogWyAg
IDI4Ljk5NDc1MF0gY2RjX2FjbSAyLTIuMjoxLjA6IFRoaXMgZGV2aWNlIGNhbm5v
dCBkbyBjYWxscyBvbiBpdHMgb3duLiBJdCBpcyBub3QgYSBtb2RlbS4KSnVuIDE5
IDA1OjA2OjE4IG10dTgtMTUwMjYga2VybmVsOiBbICAgMjguOTk0OTAzXSBjZGNf
YWNtIDItMi4yOjEuMDogdHR5QUNNMTogVVNCIEFDTSBkZXZpY2UKSnVuIDE5IDA1
OjA2OjE4IG10dTgtMTUwMjYga2VybmVsOiBbICAgMjkuMDExNDEzXSB1c2IgMi0y
LjYuNDogVVNCIGRpc2Nvbm5lY3QsIGRldmljZSBudW1iZXIgOApKdW4gMTkgMDU6
MDY6MTkgbXR1OC0xNTAyNiBrZXJuZWw6IFsgICAyOS4xNjcwODNdIHVzYiAyLTIu
Ni41OiBVU0IgZGlzY29ubmVjdCwgZGV2aWNlIG51bWJlciA5Ckp1biAxOSAwNTow
NjoxOSBtdHU4LTE1MDI2IGtlcm5lbDogWyAgIDI5LjYzNTU4OV0gdXNiIDItMi40
OiBuZXcgZnVsbCBzcGVlZCBVU0IgZGV2aWNlIG51bWJlciAxNSB1c2luZyBlaGNp
LW9tYXAKSnVuIDE5IDA1OjA2OjE5IG10dTgtMTUwMjYga2VybmVsOiBbICAgMjku
NzYwNTg5XSB1c2IgMi0yLjQ6IE5ldyBVU0IgZGV2aWNlIGZvdW5kLCBpZFZlbmRv
cj1mMDBmLCBpZFByb2R1Y3Q9MDAwMwpKdW4gMTkgMDU6MDY6MTkgbXR1OC0xNTAy
NiBrZXJuZWw6IFsgICAyOS43NjA2MjBdIHVzYiAyLTIuNDogTmV3IFVTQiBkZXZp
Y2Ugc3RyaW5nczogTWZyPTEsIFByb2R1Y3Q9MiwgU2VyaWFsTnVtYmVyPTAKSnVu
IDE5IDA1OjA2OjE5IG10dTgtMTUwMjYga2VybmVsOiBbICAgMjkuNzYwNjUwXSB1
c2IgMi0yLjQ6IFByb2R1Y3Q6IENoYW5uZWwgTW9kdWxlIChCQ00wNS1CKQpKdW4g
MTkgMDU6MDY6MTkgbXR1OC0xNTAyNiBrZXJuZWw6IFsgICAyOS43NjA2NTBdIHVz
YiAyLTIuNDogTWFudWZhY3R1cmVyOiBQaG9lbml4IEdlb3BoeXNpY3MgTHRkLgpK
dW4gMTkgMDU6MDY6MTkgbXR1OC0xNTAyNiBrZXJuZWw6IFsgICAyOS43NjMxNTNd
IGNkY19hY20gMi0yLjQ6MS4wOiBUaGlzIGRldmljZSBjYW5ub3QgZG8gY2FsbHMg
b24gaXRzIG93bi4gSXQgaXMgbm90IGEgbW9kZW0uCkp1biAxOSAwNTowNjoxOSBt
dHU4LTE1MDI2IGtlcm5lbDogWyAgIDI5Ljc2MzI3NV0gY2RjX2FjbSAyLTIuNDox
LjA6IHR0eUFDTTI6IFVTQiBBQ00gZGV2aWNlCkp1biAxOSAwNTowNjoyMCBtdHU4
LTE1MDI2IGtlcm5lbDogWyAgIDMwLjE1MTE4NF0gdXNiIDItMi42LjI6IG5ldyBm
dWxsIHNwZWVkIFVTQiBkZXZpY2UgbnVtYmVyIDE2IHVzaW5nIGVoY2ktb21hcApK
dW4gMTkgMDU6MDY6MjAgbXR1OC0xNTAyNiBrZXJuZWw6IFsgICAzMC4yNzI3MzVd
IHVzYiAyLTIuNi4yOiBOZXcgVVNCIGRldmljZSBmb3VuZCwgaWRWZW5kb3I9ZjAw
ZiwgaWRQcm9kdWN0PTAwMDMKSnVuIDE5IDA1OjA2OjIwIG10dTgtMTUwMjYga2Vy
bmVsOiBbICAgMzAuMjcyNzM1XSB1c2IgMi0yLjYuMjogTmV3IFVTQiBkZXZpY2Ug
c3RyaW5nczogTWZyPTEsIFByb2R1Y3Q9MiwgU2VyaWFsTnVtYmVyPTAKSnVuIDE5
IDA1OjA2OjIwIG10dTgtMTUwMjYga2VybmVsOiBbICAgMzAuMjcyNzY2XSB1c2Ig
Mi0yLjYuMjogUHJvZHVjdDogQ2hhbm5lbCBNb2R1bGUgKEJDTTA1LUIpCkp1biAx
OSAwNTowNjoyMCBtdHU4LTE1MDI2IGtlcm5lbDogWyAgIDMwLjI3Mjc5Nl0gdXNi
IDItMi42LjI6IE1hbnVmYWN0dXJlcjogUGhvZW5peCBHZW9waHlzaWNzIEx0ZC4K
SnVuIDE5IDA1OjA2OjIwIG10dTgtMTUwMjYga2VybmVsOiBbICAgMzAuMjc1Mzkw
XSBjZGNfYWNtIDItMi42LjI6MS4wOiBUaGlzIGRldmljZSBjYW5ub3QgZG8gY2Fs
bHMgb24gaXRzIG93bi4gSXQgaXMgbm90IGEgbW9kZW0uCkp1biAxOSAwNTowNjoy
MCBtdHU4LTE1MDI2IGtlcm5lbDogWyAgIDMwLjI3NTU0M10gY2RjX2FjbSAyLTIu
Ni4yOjEuMDogdHR5QUNNMzogVVNCIEFDTSBkZXZpY2UKSnVuIDE5IDA1OjA2OjIw
IG10dTgtMTUwMjYga2VybmVsOiBbICAgMzAuMjk1Nzc2XSB1c2IgMi0yLjYuNzog
VVNCIGRpc2Nvbm5lY3QsIGRldmljZSBudW1iZXIgMTEKSnVuIDE5IDA1OjA2OjIw
IG10dTgtMTUwMjYga2VybmVsOiBbICAgMzAuOTE2ODA5XSB1c2IgMi0yLjYuNDog
bmV3IGZ1bGwgc3BlZWQgVVNCIGRldmljZSBudW1iZXIgMTcgdXNpbmcgZWhjaS1v
bWFwCkp1biAxOSAwNTowNjoyMCBtdHU4LTE1MDI2IGtlcm5lbDogWyAgIDMxLjAz
ODMzMF0gdXNiIDItMi42LjQ6IE5ldyBVU0IgZGV2aWNlIGZvdW5kLCBpZFZlbmRv
cj1mMDBmLCBpZFByb2R1Y3Q9MDAwMwpKdW4gMTkgMDU6MDY6MjAgbXR1OC0xNTAy
NiBrZXJuZWw6IFsgICAzMS4wMzgzMzBdIHVzYiAyLTIuNi40OiBOZXcgVVNCIGRl
dmljZSBzdHJpbmdzOiBNZnI9MSwgUHJvZHVjdD0yLCBTZXJpYWxOdW1iZXI9MApK
dW4gMTkgMDU6MDY6MjAgbXR1OC0xNTAyNiBrZXJuZWw6IFsgICAzMS4wMzgzNjBd
IHVzYiAyLTIuNi40OiBQcm9kdWN0OiBDaGFubmVsIE1vZHVsZSAoQkNNMDUtQikK
SnVuIDE5IDA1OjA2OjIwIG10dTgtMTUwMjYga2VybmVsOiBbICAgMzEuMDM4Mzkx
XSB1c2IgMi0yLjYuNDogTWFudWZhY3R1cmVyOiBQaG9lbml4IEdlb3BoeXNpY3Mg
THRkLgpKdW4gMTkgMDU6MDY6MjAgbXR1OC0xNTAyNiBrZXJuZWw6IFsgICAzMS4w
Mzk4NTVdIGNkY19hY20gMi0yLjYuNDoxLjA6IFRoaXMgZGV2aWNlIGNhbm5vdCBk
byBjYWxscyBvbiBpdHMgb3duLiBJdCBpcyBub3QgYSBtb2RlbS4KSnVuIDE5IDA1
OjA2OjIwIG10dTgtMTUwMjYga2VybmVsOiBbICAgMzEuMDM5OTc4XSBjZGNfYWNt
IDItMi42LjQ6MS4wOiB0dHlBQ000OiBVU0IgQUNNIGRldmljZQpKdW4gMTkgMDU6
MDY6MjEgbXR1OC0xNTAyNiBrZXJuZWw6IFsgICAzMS42OTA1MjFdIHVzYiAyLTIu
Ni41OiBuZXcgZnVsbCBzcGVlZCBVU0IgZGV2aWNlIG51bWJlciAxOCB1c2luZyBl
aGNpLW9tYXAKSnVuIDE5IDA1OjA2OjIxIG10dTgtMTUwMjYga2VybmVsOiBbICAg
MzEuODEyMjg2XSB1c2IgMi0yLjYuNTogTmV3IFVTQiBkZXZpY2UgZm91bmQsIGlk
VmVuZG9yPWYwMGYsIGlkUHJvZHVjdD0wMDAzCkp1biAxOSAwNTowNjoyMSBtdHU4
LTE1MDI2IGtlcm5lbDogWyAgIDMxLjgxMjMxNl0gdXNiIDItMi42LjU6IE5ldyBV
U0IgZGV2aWNlIHN0cmluZ3M6IE1mcj0xLCBQcm9kdWN0PTIsIFNlcmlhbE51bWJl
cj0wCkp1biAxOSAwNTowNjoyMSBtdHU4LTE1MDI2IGtlcm5lbDogWyAgIDMxLjgx
MjM0N10gdXNiIDItMi42LjU6IFByb2R1Y3Q6IENoYW5uZWwgTW9kdWxlIChCQ00w
NS1CKQpKdW4gMTkgMDU6MDY6MjEgbXR1OC0xNTAyNiBrZXJuZWw6IFsgICAzMS44
MTIzNDddIHVzYiAyLTIuNi41OiBNYW51ZmFjdHVyZXI6IFBob2VuaXggR2VvcGh5
c2ljcyBMdGQuCkp1biAxOSAwNTowNjoyMSBtdHU4LTE1MDI2IGtlcm5lbDogWyAg
IDMxLjgxMzcyMF0gY2RjX2FjbSAyLTIuNi41OjEuMDogVGhpcyBkZXZpY2UgY2Fu
bm90IGRvIGNhbGxzIG9uIGl0cyBvd24uIEl0IGlzIG5vdCBhIG1vZGVtLgpKdW4g
MTkgMDU6MDY6MjEgbXR1OC0xNTAyNiBrZXJuZWw6IFsgICAzMS44MTM4NzNdIGNk
Y19hY20gMi0yLjYuNToxLjA6IHR0eUFDTTU6IFVTQiBBQ00gZGV2aWNlCkp1biAx
OSAwNTowNjoyMiBtdHU4LTE1MDI2IGtlcm5lbDogWyAgIDMyLjE5ODUxNl0gdXNi
IDItMi42Ljc6IG5ldyBmdWxsIHNwZWVkIFVTQiBkZXZpY2UgbnVtYmVyIDE5IHVz
aW5nIGVoY2ktb21hcApKdW4gMTkgMDU6MDY6MjIgbXR1OC0xNTAyNiBrZXJuZWw6
IFsgICAzMi4zMjAyODFdIHVzYiAyLTIuNi43OiBOZXcgVVNCIGRldmljZSBmb3Vu
ZCwgaWRWZW5kb3I9ZjAwZiwgaWRQcm9kdWN0PTAwMDEKSnVuIDE5IDA1OjA2OjIy
IG10dTgtMTUwMjYga2VybmVsOiBbICAgMzIuMzIwMzEyXSB1c2IgMi0yLjYuNzog
TmV3IFVTQiBkZXZpY2Ugc3RyaW5nczogTWZyPTEsIFByb2R1Y3Q9MiwgU2VyaWFs
TnVtYmVyPTAKSnVuIDE5IDA1OjA2OjIyIG10dTgtMTUwMjYga2VybmVsOiBbICAg
MzIuMzIwMzEyXSB1c2IgMi0yLjYuNzogUHJvZHVjdDogTW90aGVyYm9hcmQgKEJN
QjAxLUkpCkp1biAxOSAwNTowNjoyMiBtdHU4LTE1MDI2IGtlcm5lbDogWyAgIDMy
LjMyMDM0M10gdXNiIDItMi42Ljc6IE1hbnVmYWN0dXJlcjogUGhvZW5peCBHZW9w
aHlzaWNzIEx0ZC4KSnVuIDE5IDA1OjA2OjIyIG10dTgtMTUwMjYga2VybmVsOiBb
ICAgMzIuMzI3MTc4XSBpbnB1dDogUGhvZW5peCBHZW9waHlzaWNzIEx0ZC4gTW90
aGVyYm9hcmQgKEJNQjAxLUkpIGFzIC9kZXZpY2VzL3BsYXRmb3JtL3VzYmhzLW9t
YXAuMC9laGNpLW9tYXAuMC91c2IyLzItMi8yLTIuNi8yLTIuNi43LzItMi42Ljc6
MS4wL2lucHV0L2lucHV0MQpKdW4gMTkgMDU6MDY6MjIgbXR1OC0xNTAyNiBrZXJu
ZWw6IFsgICAzMi4zMjc0MjNdIGdlbmVyaWMtdXNiIDAwMDM6RjAwRjowMDAxLjAw
MDg6IGlucHV0OiBVU0IgSElEIHYxLjExIEdhbWVwYWQgW1Bob2VuaXggR2VvcGh5
c2ljcyBMdGQuIE1vdGhlcmJvYXJkIChCTUIwMS1JKV0gb24gdXNiLWVoY2ktb21h
cC4wLTIuNi43L2lucHV0MApKdW4gMTkgMDU6MDY6MjIgbXR1OC0xNTAyNiBrZXJu
ZWw6IFsgICAzMi4zMjc4ODBdIGNkY19hY20gMi0yLjYuNzoxLjE6IFRoaXMgZGV2
aWNlIGNhbm5vdCBkbyBjYWxscyBvbiBpdHMgb3duLiBJdCBpcyBub3QgYSBtb2Rl
bS4KSnVuIDE5IDA1OjA2OjIyIG10dTgtMTUwMjYga2VybmVsOiBbICAgMzIuMzI4
MDYzXSBjZGNfYWNtIDItMi42Ljc6MS4xOiB0dHlBQ002OiBVU0IgQUNNIGRldmlj
ZQpKdW4gMTkgMDU6MTE6MzMgbXR1OC0xNTAyNiBrZXJuZWw6IFsgIDM0MS44NjYy
NzFdIFtFWEZBVF0gZnJlZV9jbHVzdGVyIDogc2tpcCBmcmVlLXJlcSBjbHU6NTYs
IGJlY2F1c2Ugb2YgemVyby1zaXplIHRydW5jYXRpb24KSnVuIDE5IDA1OjExOjMz
IG10dTgtMTUwMjYga2VybmVsOiBbICAzNDEuOTUxNDQ2XSBbRVhGQVRdIGZyZWVf
Y2x1c3RlciA6IHNraXAgZnJlZS1yZXEgY2x1OjU4LCBiZWNhdXNlIG9mIHplcm8t
c2l6ZSB0cnVuY2F0aW9uCkp1biAxOSAwNToxNDozMyBtdHU4LTE1MDI2IGtlcm5l
bDogWyAgNTIxLjg2MDY4N10gW0VYRkFUXSBmcmVlX2NsdXN0ZXIgOiBza2lwIGZy
ZWUtcmVxIGNsdTo1NiwgYmVjYXVzZSBvZiB6ZXJvLXNpemUgdHJ1bmNhdGlvbgpK
dW4gMTkgMDU6MTQ6MzMgbXR1OC0xNTAyNiBrZXJuZWw6IFsgIDUyMS45NDYyODld
IFtFWEZBVF0gZnJlZV9jbHVzdGVyIDogc2tpcCBmcmVlLXJlcSBjbHU6NTgsIGJl
Y2F1c2Ugb2YgemVyby1zaXplIHRydW5jYXRpb24K
